Analysis & Synthesis report for mse
Mon Jun 17 17:53:47 2013
Quartus II 32-bit Version 12.1 Build 243 01/31/2013 Service Pack 1 SJ Web Edition


---------------------
; Table of Contents ;
---------------------
  1. Legal Notice
  2. Analysis & Synthesis Summary
  3. Analysis & Synthesis Settings
  4. Parallel Compilation
  5. Analysis & Synthesis Source Files Read
  6. Analysis & Synthesis Resource Usage Summary
  7. Analysis & Synthesis Resource Utilization by Entity
  8. Analysis & Synthesis IP Cores Summary
  9. Registers Removed During Synthesis
 10. Removed Registers Triggering Further Register Optimizations
 11. General Register Statistics
 12. Parameter Settings for User Entity Instance: flash_altufm_parallel_71o:flash|lpm_counter:cntr2
 13. Port Connectivity Checks: "flash_altufm_parallel_71o:flash"
 14. Analysis & Synthesis Messages



----------------
; Legal Notice ;
----------------
Copyright (C) 1991-2012 Altera Corporation
Your use of Altera Corporation's design tools, logic functions 
and other software and tools, and its AMPP partner logic 
functions, and any output files from any of the foregoing 
(including device programming or simulation files), and any 
associated documentation or information are expressly subject 
to the terms and conditions of the Altera Program License 
Subscription Agreement, Altera MegaCore Function License 
Agreement, or other applicable license agreement, including, 
without limitation, that your use is for the sole purpose of 
programming logic devices manufactured by Altera and sold by 
Altera or its authorized distributors.  Please refer to the 
applicable agreement for further details.



+-----------------------------------------------------------------------------+
; Analysis & Synthesis Summary                                                ;
+-----------------------------+-----------------------------------------------+
; Analysis & Synthesis Status ; Successful - Mon Jun 17 17:53:47 2013         ;
; Quartus II 32-bit Version   ; 12.1 Build 243 01/31/2013 SP 1 SJ Web Edition ;
; Revision Name               ; mse                                           ;
; Top-level Entity Name       ; mse                                           ;
; Family                      ; MAX II                                        ;
; Total logic elements        ; 50                                            ;
; Total pins                  ; 115                                           ;
; Total virtual pins          ; 0                                             ;
; UFM blocks                  ; 1 / 1 ( 100 % )                               ;
+-----------------------------+-----------------------------------------------+


+----------------------------------------------------------------------------------------------------------------------+
; Analysis & Synthesis Settings                                                                                        ;
+----------------------------------------------------------------------------+--------------------+--------------------+
; Option                                                                     ; Setting            ; Default Value      ;
+----------------------------------------------------------------------------+--------------------+--------------------+
; Device                                                                     ; EPM1270T144C5      ;                    ;
; Top-level entity name                                                      ; mse                ; mse                ;
; Family name                                                                ; MAX II             ; Cyclone IV GX      ;
; Use smart compilation                                                      ; Off                ; Off                ;
; Enable parallel Assembler and TimeQuest Timing Analyzer during compilation ; On                 ; On                 ;
; Enable compact report table                                                ; Off                ; Off                ;
; Restructure Multiplexers                                                   ; Auto               ; Auto               ;
; Create Debugging Nodes for IP Cores                                        ; Off                ; Off                ;
; Preserve fewer node names                                                  ; On                 ; On                 ;
; Disable OpenCore Plus hardware evaluation                                  ; Off                ; Off                ;
; Verilog Version                                                            ; Verilog_2001       ; Verilog_2001       ;
; VHDL Version                                                               ; VHDL_1993          ; VHDL_1993          ;
; State Machine Processing                                                   ; Auto               ; Auto               ;
; Safe State Machine                                                         ; Off                ; Off                ;
; Extract Verilog State Machines                                             ; On                 ; On                 ;
; Extract VHDL State Machines                                                ; On                 ; On                 ;
; Ignore Verilog initial constructs                                          ; Off                ; Off                ;
; Iteration limit for constant Verilog loops                                 ; 5000               ; 5000               ;
; Iteration limit for non-constant Verilog loops                             ; 250                ; 250                ;
; Add Pass-Through Logic to Inferred RAMs                                    ; On                 ; On                 ;
; Infer RAMs from Raw Logic                                                  ; On                 ; On                 ;
; Parallel Synthesis                                                         ; On                 ; On                 ;
; NOT Gate Push-Back                                                         ; On                 ; On                 ;
; Power-Up Don't Care                                                        ; On                 ; On                 ;
; Remove Redundant Logic Cells                                               ; Off                ; Off                ;
; Remove Duplicate Registers                                                 ; On                 ; On                 ;
; Ignore CARRY Buffers                                                       ; Off                ; Off                ;
; Ignore CASCADE Buffers                                                     ; Off                ; Off                ;
; Ignore GLOBAL Buffers                                                      ; Off                ; Off                ;
; Ignore ROW GLOBAL Buffers                                                  ; Off                ; Off                ;
; Ignore LCELL Buffers                                                       ; Off                ; Off                ;
; Ignore SOFT Buffers                                                        ; On                 ; On                 ;
; Limit AHDL Integers to 32 Bits                                             ; Off                ; Off                ;
; Optimization Technique                                                     ; Balanced           ; Balanced           ;
; Carry Chain Length                                                         ; 70                 ; 70                 ;
; Auto Carry Chains                                                          ; On                 ; On                 ;
; Auto Open-Drain Pins                                                       ; On                 ; On                 ;
; Perform WYSIWYG Primitive Resynthesis                                      ; Off                ; Off                ;
; Auto Shift Register Replacement                                            ; Auto               ; Auto               ;
; Allow Shift Register Merging across Hierarchies                            ; Auto               ; Auto               ;
; Auto Clock Enable Replacement                                              ; On                 ; On                 ;
; Allow Synchronous Control Signals                                          ; On                 ; On                 ;
; Force Use of Synchronous Clear Signals                                     ; Off                ; Off                ;
; Auto Resource Sharing                                                      ; Off                ; Off                ;
; Use LogicLock Constraints during Resource Balancing                        ; On                 ; On                 ;
; Ignore translate_off and synthesis_off directives                          ; Off                ; Off                ;
; Report Parameter Settings                                                  ; On                 ; On                 ;
; Report Source Assignments                                                  ; On                 ; On                 ;
; Report Connectivity Checks                                                 ; On                 ; On                 ;
; Ignore Maximum Fan-Out Assignments                                         ; Off                ; Off                ;
; Synchronization Register Chain Length                                      ; 2                  ; 2                  ;
; PowerPlay Power Optimization                                               ; Normal compilation ; Normal compilation ;
; HDL message level                                                          ; Level2             ; Level2             ;
; Suppress Register Optimization Related Messages                            ; Off                ; Off                ;
; Number of Removed Registers Reported in Synthesis Report                   ; 5000               ; 5000               ;
; Number of Swept Nodes Reported in Synthesis Report                         ; 5000               ; 5000               ;
; Number of Inverted Registers Reported in Synthesis Report                  ; 100                ; 100                ;
; Clock MUX Protection                                                       ; On                 ; On                 ;
; Block Design Naming                                                        ; Auto               ; Auto               ;
; Synthesis Effort                                                           ; Auto               ; Auto               ;
; Shift Register Replacement - Allow Asynchronous Clear Signal               ; On                 ; On                 ;
; Pre-Mapping Resynthesis Optimization                                       ; Off                ; Off                ;
; Analysis & Synthesis Message Level                                         ; Medium             ; Medium             ;
; Disable Register Merging Across Hierarchies                                ; Auto               ; Auto               ;
; Synthesis Seed                                                             ; 1                  ; 1                  ;
+----------------------------------------------------------------------------+--------------------+--------------------+


+------------------------------------------+
; Parallel Compilation                     ;
+----------------------------+-------------+
; Processors                 ; Number      ;
+----------------------------+-------------+
; Number detected on machine ; 8           ;
; Maximum allowed            ; 4           ;
;                            ;             ;
; Average used               ; 1.00        ;
; Maximum used               ; 1           ;
;                            ;             ;
; Usage by Processor         ; % Time Used ;
;     1 processor            ; 100.0%      ;
;     2-8 processors         ;   0.0%      ;
+----------------------------+-------------+


+-------------------------------------------------------------------------------------------------------------------------------------------------------------------------+
; Analysis & Synthesis Source Files Read                                                                                                                                  ;
+----------------------------------+-----------------+------------------------------+---------------------------------------------------------------------------+---------+
; File Name with User-Entered Path ; Used in Netlist ; File Type                    ; File Name with Absolute Path                                              ; Library ;
+----------------------------------+-----------------+------------------------------+---------------------------------------------------------------------------+---------+
; mse.v                            ; yes             ; User Verilog HDL File        ; C:/Users/zhizholi/Documents/GitHub/mse/mse.v                              ;         ;
; flash.v                          ; yes             ; User Wizard-Generated File   ; C:/Users/zhizholi/Documents/GitHub/mse/flash.v                            ;         ;
; lpm_counter.tdf                  ; yes             ; Megafunction                 ; c:/altera/12.1sp1/quartus/libraries/megafunctions/lpm_counter.tdf         ;         ;
; lpm_constant.inc                 ; yes             ; Megafunction                 ; c:/altera/12.1sp1/quartus/libraries/megafunctions/lpm_constant.inc        ;         ;
; lpm_decode.inc                   ; yes             ; Megafunction                 ; c:/altera/12.1sp1/quartus/libraries/megafunctions/lpm_decode.inc          ;         ;
; lpm_add_sub.inc                  ; yes             ; Megafunction                 ; c:/altera/12.1sp1/quartus/libraries/megafunctions/lpm_add_sub.inc         ;         ;
; cmpconst.inc                     ; yes             ; Megafunction                 ; c:/altera/12.1sp1/quartus/libraries/megafunctions/cmpconst.inc            ;         ;
; lpm_compare.inc                  ; yes             ; Megafunction                 ; c:/altera/12.1sp1/quartus/libraries/megafunctions/lpm_compare.inc         ;         ;
; lpm_counter.inc                  ; yes             ; Megafunction                 ; c:/altera/12.1sp1/quartus/libraries/megafunctions/lpm_counter.inc         ;         ;
; dffeea.inc                       ; yes             ; Megafunction                 ; c:/altera/12.1sp1/quartus/libraries/megafunctions/dffeea.inc              ;         ;
; alt_counter_stratix.inc          ; yes             ; Megafunction                 ; c:/altera/12.1sp1/quartus/libraries/megafunctions/alt_counter_stratix.inc ;         ;
; aglobal121.inc                   ; yes             ; Megafunction                 ; c:/altera/12.1sp1/quartus/libraries/megafunctions/aglobal121.inc          ;         ;
; db/cntr_dsj.tdf                  ; yes             ; Auto-Generated Megafunction  ; C:/Users/zhizholi/Documents/GitHub/mse/db/cntr_dsj.tdf                    ;         ;
; db/cmpr_2vb.tdf                  ; yes             ; Auto-Generated Megafunction  ; C:/Users/zhizholi/Documents/GitHub/mse/db/cmpr_2vb.tdf                    ;         ;
+----------------------------------+-----------------+------------------------------+---------------------------------------------------------------------------+---------+


+-----------------------------------------------------+
; Analysis & Synthesis Resource Usage Summary         ;
+---------------------------------------------+-------+
; Resource                                    ; Usage ;
+---------------------------------------------+-------+
; Total logic elements                        ; 50    ;
;     -- Combinational with no register       ; 15    ;
;     -- Register only                        ; 18    ;
;     -- Combinational with a register        ; 17    ;
;                                             ;       ;
; Logic element usage by number of LUT inputs ;       ;
;     -- 4 input functions                    ; 9     ;
;     -- 3 input functions                    ; 2     ;
;     -- 2 input functions                    ; 17    ;
;     -- 1 input functions                    ; 3     ;
;     -- 0 input functions                    ; 1     ;
;                                             ;       ;
; Logic elements by mode                      ;       ;
;     -- normal mode                          ; 39    ;
;     -- arithmetic mode                      ; 11    ;
;     -- qfbk mode                            ; 0     ;
;     -- register cascade mode                ; 0     ;
;     -- synchronous clear/load mode          ; 5     ;
;     -- asynchronous clear/load mode         ; 0     ;
;                                             ;       ;
; Total registers                             ; 35    ;
; Total logic cells in carry chains           ; 13    ;
; I/O pins                                    ; 115   ;
; UFM blocks                                  ; 1     ;
; Maximum fan-out                             ; 38    ;
; Total fan-out                               ; 250   ;
; Average fan-out                             ; 1.51  ;
+---------------------------------------------+-------+


+----------------------------------------------------------------------------------------------------------------------------------------------------------------------------------------------------------------------------------------------------------------------------------------------------------+
; Analysis & Synthesis Resource Utilization by Entity                                                                                                                                                                                                                                                      ;
+--------------------------------------+-------------+--------------+------------+------+--------------+--------------+-------------------+------------------+-----------------+------------+-----------------------------------------------------------------------------------------------+--------------+
; Compilation Hierarchy Node           ; Logic Cells ; LC Registers ; UFM Blocks ; Pins ; Virtual Pins ; LUT-Only LCs ; Register-Only LCs ; LUT/Register LCs ; Carry Chain LCs ; Packed LCs ; Full Hierarchy Name                                                                           ; Library Name ;
+--------------------------------------+-------------+--------------+------------+------+--------------+--------------+-------------------+------------------+-----------------+------------+-----------------------------------------------------------------------------------------------+--------------+
; |mse                                 ; 50 (9)      ; 35           ; 1          ; 115  ; 0            ; 15 (1)       ; 18 (0)            ; 17 (8)           ; 13 (7)          ; 0 (0)      ; |mse                                                                                          ; work         ;
;    |flash_altufm_parallel_71o:flash| ; 41 (33)     ; 27           ; 1          ; 0    ; 0            ; 14 (11)      ; 18 (18)           ; 9 (4)            ; 6 (0)           ; 0 (0)      ; |mse|flash_altufm_parallel_71o:flash                                                          ; work         ;
;       |lpm_counter:cntr2|            ; 8 (0)       ; 5            ; 0          ; 0    ; 0            ; 3 (0)        ; 0 (0)             ; 5 (0)            ; 6 (0)           ; 0 (0)      ; |mse|flash_altufm_parallel_71o:flash|lpm_counter:cntr2                                        ; work         ;
;          |cntr_dsj:auto_generated|   ; 8 (6)       ; 5            ; 0          ; 0    ; 0            ; 3 (1)        ; 0 (0)             ; 5 (5)            ; 6 (6)           ; 0 (0)      ; |mse|flash_altufm_parallel_71o:flash|lpm_counter:cntr2|cntr_dsj:auto_generated                ; work         ;
;             |cmpr_2vb:cmpr1|         ; 2 (2)       ; 0            ; 0          ; 0    ; 0            ; 2 (2)        ; 0 (0)             ; 0 (0)            ; 0 (0)           ; 0 (0)      ; |mse|flash_altufm_parallel_71o:flash|lpm_counter:cntr2|cntr_dsj:auto_generated|cmpr_2vb:cmpr1 ; work         ;
+--------------------------------------+-------------+--------------+------------+------+--------------+--------------+-------------------+------------------+-----------------+------------+-----------------------------------------------------------------------------------------------+--------------+
Note: For table entries with two numbers listed, the numbers in parentheses indicate the number of resources of the given type used by the specific entity alone. The numbers listed outside of parentheses indicate the total resources of the given type used by the specific entity and all of its sub-entities in the hierarchy.


+----------------------------------------------------------------------------------------------------------------------------------------------------------+
; Analysis & Synthesis IP Cores Summary                                                                                                                    ;
+--------+-----------------+---------+--------------+--------------+--------------------------------------+------------------------------------------------+
; Vendor ; IP Core Name    ; Version ; Release Date ; License Type ; Entity Instance                      ; IP Include File                                ;
+--------+-----------------+---------+--------------+--------------+--------------------------------------+------------------------------------------------+
; Altera ; ALTUFM_PARALLEL ; 12.1    ; N/A          ; N/A          ; |mse|flash_altufm_parallel_71o:flash ; C:/Users/zhizholi/Documents/GitHub/mse/flash.v ;
+--------+-----------------+---------+--------------+--------------+--------------------------------------+------------------------------------------------+


+-------------------------------------------------------------------------------------------------------+
; Registers Removed During Synthesis                                                                    ;
+----------------------------------------------+--------------------------------------------------------+
; Register name                                ; Reason for Removal                                     ;
+----------------------------------------------+--------------------------------------------------------+
; flash_altufm_parallel_71o:flash|A[0..8]      ; Stuck at GND due to stuck port data_in                 ;
; flash_altufm_parallel_71o:flash|deco3_dffe   ; Merged with flash_altufm_parallel_71o:flash|deco2_dffe ;
; flash_altufm_parallel_71o:flash|program_dffe ; Lost fanout                                            ;
; Total Number of Removed Registers = 11       ;                                                        ;
+----------------------------------------------+--------------------------------------------------------+


+------------------------------------------------------------------------------------------------------------------------------------------------+
; Removed Registers Triggering Further Register Optimizations                                                                                    ;
+--------------------------------------+---------------------------+-----------------------------------------------------------------------------+
; Register name                        ; Reason for Removal        ; Registers Removed due to This Register                                      ;
+--------------------------------------+---------------------------+-----------------------------------------------------------------------------+
; flash_altufm_parallel_71o:flash|A[0] ; Stuck at GND              ; flash_altufm_parallel_71o:flash|A[1], flash_altufm_parallel_71o:flash|A[2], ;
;                                      ; due to stuck port data_in ; flash_altufm_parallel_71o:flash|A[3], flash_altufm_parallel_71o:flash|A[4], ;
;                                      ;                           ; flash_altufm_parallel_71o:flash|A[5], flash_altufm_parallel_71o:flash|A[6], ;
;                                      ;                           ; flash_altufm_parallel_71o:flash|A[7]                                        ;
+--------------------------------------+---------------------------+-----------------------------------------------------------------------------+


+------------------------------------------------------+
; General Register Statistics                          ;
+----------------------------------------------+-------+
; Statistic                                    ; Value ;
+----------------------------------------------+-------+
; Total registers                              ; 35    ;
; Number of registers using Synchronous Clear  ; 0     ;
; Number of registers using Synchronous Load   ; 5     ;
; Number of registers using Asynchronous Clear ; 0     ;
; Number of registers using Asynchronous Load  ; 0     ;
; Number of registers using Clock Enable       ; 23    ;
; Number of registers using Preset             ; 0     ;
+----------------------------------------------+-------+


+------------------------------------------------------------------------------------------------+
; Parameter Settings for User Entity Instance: flash_altufm_parallel_71o:flash|lpm_counter:cntr2 ;
+------------------------+-------------+---------------------------------------------------------+
; Parameter Name         ; Value       ; Type                                                    ;
+------------------------+-------------+---------------------------------------------------------+
; AUTO_CARRY_CHAINS      ; ON          ; AUTO_CARRY                                              ;
; IGNORE_CARRY_BUFFERS   ; OFF         ; IGNORE_CARRY                                            ;
; AUTO_CASCADE_CHAINS    ; ON          ; AUTO_CASCADE                                            ;
; IGNORE_CASCADE_BUFFERS ; OFF         ; IGNORE_CASCADE                                          ;
; LPM_WIDTH              ; 5           ; Signed Integer                                          ;
; LPM_DIRECTION          ; UP          ; Untyped                                                 ;
; LPM_MODULUS            ; 28          ; Signed Integer                                          ;
; LPM_AVALUE             ; UNUSED      ; Untyped                                                 ;
; LPM_SVALUE             ; UNUSED      ; Untyped                                                 ;
; LPM_PORT_UPDOWN        ; PORT_UNUSED ; Untyped                                                 ;
; DEVICE_FAMILY          ; MAX II      ; Untyped                                                 ;
; CARRY_CHAIN            ; MANUAL      ; Untyped                                                 ;
; CARRY_CHAIN_LENGTH     ; 48          ; CARRY_CHAIN_LENGTH                                      ;
; NOT_GATE_PUSH_BACK     ; ON          ; NOT_GATE_PUSH_BACK                                      ;
; CARRY_CNT_EN           ; SMART       ; Untyped                                                 ;
; LABWIDE_SCLR           ; ON          ; Untyped                                                 ;
; USE_NEW_VERSION        ; TRUE        ; Untyped                                                 ;
; CBXI_PARAMETER         ; cntr_dsj    ; Untyped                                                 ;
+------------------------+-------------+---------------------------------------------------------+
Note: In order to hide this table in the UI and the text report file, please set the "Show Parameter Settings in Synthesis Report" option in "Analysis and Synthesis Settings -> More Settings" to "Off".


+---------------------------------------------------------------------------------------------------------------------------------------------------------------------------------------------------------------------+
; Port Connectivity Checks: "flash_altufm_parallel_71o:flash"                                                                                                                                                         ;
+------------+--------+----------+------------------------------------------------------------------------------------------------------------------------------------------------------------------------------------+
; Port       ; Type   ; Severity ; Details                                                                                                                                                                            ;
+------------+--------+----------+------------------------------------------------------------------------------------------------------------------------------------------------------------------------------------+
; oscena     ; Input  ; Warning  ; Input port expression (32 bits) is wider than the input port (1 bits) it drives.  The 31 most-significant bit(s) in the expression will be dangling if they have no other fanouts. ;
; oscena[-1] ; Input  ; Info     ; Stuck at VCC                                                                                                                                                                       ;
; addr       ; Input  ; Warning  ; Declared by entity but not connected by instance. If a default value exists, it will be used.  Otherwise, the port will be connected to GND.                                       ;
; data_valid ; Output ; Warning  ; Declared by entity but not connected by instance. Logic that only feeds a dangling port will be removed.                                                                           ;
; datain     ; Input  ; Warning  ; Declared by entity but not connected by instance. If a default value exists, it will be used.  Otherwise, the port will be connected to GND.                                       ;
; dataout    ; Output ; Warning  ; Declared by entity but not connected by instance. Logic that only feeds a dangling port will be removed.                                                                           ;
; nbusy      ; Output ; Warning  ; Declared by entity but not connected by instance. Logic that only feeds a dangling port will be removed.                                                                           ;
; nerase     ; Input  ; Warning  ; Declared by entity but not connected by instance. If a default value exists, it will be used.  Otherwise, the port will be connected to GND.                                       ;
; nread      ; Input  ; Warning  ; Declared by entity but not connected by instance. If a default value exists, it will be used.  Otherwise, the port will be connected to GND.                                       ;
; nwrite     ; Input  ; Warning  ; Declared by entity but not connected by instance. If a default value exists, it will be used.  Otherwise, the port will be connected to GND.                                       ;
+------------+--------+----------+------------------------------------------------------------------------------------------------------------------------------------------------------------------------------------+


+-------------------------------+
; Analysis & Synthesis Messages ;
+-------------------------------+
Info: *******************************************************************
Info: Running Quartus II 32-bit Analysis & Synthesis
    Info: Version 12.1 Build 243 01/31/2013 Service Pack 1 SJ Web Edition
    Info: Processing started: Mon Jun 17 17:53:13 2013
Info: Command: quartus_map --read_settings_files=on --write_settings_files=off mse -c mse
Info (11104): Parallel Compilation has detected 8 hyper-threaded processors. However, the extra hyper-threaded processors will not be used by default. Parallel Compilation will use 4 of the 4 physical processors detected instead.
Info (12021): Found 1 design units, including 1 entities, in source file mse.v
    Info (12023): Found entity 1: mse
Info (12021): Found 2 design units, including 2 entities, in source file flash.v
    Info (12023): Found entity 1: flash_altufm_parallel_71o
    Info (12023): Found entity 2: flash
Info (12127): Elaborating entity "mse" for the top level hierarchy
Warning (10230): Verilog HDL assignment warning at mse.v(46): truncated value with size 32 to match size of target (8)
Warning (10034): Output port "LED" at mse.v(25) has no driver
Info (12128): Elaborating entity "flash_altufm_parallel_71o" for hierarchy "flash_altufm_parallel_71o:flash"
Info (12128): Elaborating entity "lpm_counter" for hierarchy "flash_altufm_parallel_71o:flash|lpm_counter:cntr2"
Info (12130): Elaborated megafunction instantiation "flash_altufm_parallel_71o:flash|lpm_counter:cntr2"
Info (12133): Instantiated megafunction "flash_altufm_parallel_71o:flash|lpm_counter:cntr2" with the following parameter:
    Info (12134): Parameter "lpm_direction" = "UP"
    Info (12134): Parameter "lpm_modulus" = "28"
    Info (12134): Parameter "lpm_port_updown" = "PORT_UNUSED"
    Info (12134): Parameter "lpm_width" = "5"
    Info (12134): Parameter "lpm_type" = "lpm_counter"
Info (12021): Found 1 design units, including 1 entities, in source file db/cntr_dsj.tdf
    Info (12023): Found entity 1: cntr_dsj
Info (12128): Elaborating entity "cntr_dsj" for hierarchy "flash_altufm_parallel_71o:flash|lpm_counter:cntr2|cntr_dsj:auto_generated"
Info (12021): Found 1 design units, including 1 entities, in source file db/cmpr_2vb.tdf
    Info (12023): Found entity 1: cmpr_2vb
Info (12128): Elaborating entity "cmpr_2vb" for hierarchy "flash_altufm_parallel_71o:flash|lpm_counter:cntr2|cntr_dsj:auto_generated|cmpr_2vb:cmpr1"
Warning (12241): 1 hierarchies have connectivity warnings - see the Connectivity Checks report folder
Warning (13034): The following nodes have both tri-state and non-tri-state drivers
    Warning (13035): Inserted always-enabled tri-state buffer between "port0[0]" and its non-tri-state driver.
    Warning (13035): Inserted always-enabled tri-state buffer between "port0[1]" and its non-tri-state driver.
    Warning (13035): Inserted always-enabled tri-state buffer between "port0[2]" and its non-tri-state driver.
    Warning (13035): Inserted always-enabled tri-state buffer between "port0[3]" and its non-tri-state driver.
    Warning (13035): Inserted always-enabled tri-state buffer between "port0[4]" and its non-tri-state driver.
    Warning (13035): Inserted always-enabled tri-state buffer between "port0[5]" and its non-tri-state driver.
    Warning (13035): Inserted always-enabled tri-state buffer between "port0[6]" and its non-tri-state driver.
    Warning (13035): Inserted always-enabled tri-state buffer between "port0[7]" and its non-tri-state driver.
    Warning (13035): Inserted always-enabled tri-state buffer between "port1[0]" and its non-tri-state driver.
    Warning (13035): Inserted always-enabled tri-state buffer between "port1[1]" and its non-tri-state driver.
    Warning (13035): Inserted always-enabled tri-state buffer between "port1[2]" and its non-tri-state driver.
    Warning (13035): Inserted always-enabled tri-state buffer between "port1[3]" and its non-tri-state driver.
    Warning (13035): Inserted always-enabled tri-state buffer between "port1[4]" and its non-tri-state driver.
    Warning (13035): Inserted always-enabled tri-state buffer between "port1[5]" and its non-tri-state driver.
    Warning (13035): Inserted always-enabled tri-state buffer between "port1[6]" and its non-tri-state driver.
    Warning (13035): Inserted always-enabled tri-state buffer between "port1[7]" and its non-tri-state driver.
    Warning (13035): Inserted always-enabled tri-state buffer between "port2[0]" and its non-tri-state driver.
    Warning (13035): Inserted always-enabled tri-state buffer between "port2[1]" and its non-tri-state driver.
    Warning (13035): Inserted always-enabled tri-state buffer between "port2[2]" and its non-tri-state driver.
    Warning (13035): Inserted always-enabled tri-state buffer between "port2[3]" and its non-tri-state driver.
    Warning (13035): Inserted always-enabled tri-state buffer between "port2[4]" and its non-tri-state driver.
    Warning (13035): Inserted always-enabled tri-state buffer between "port2[5]" and its non-tri-state driver.
    Warning (13035): Inserted always-enabled tri-state buffer between "port2[6]" and its non-tri-state driver.
    Warning (13035): Inserted always-enabled tri-state buffer between "port2[7]" and its non-tri-state driver.
    Warning (13035): Inserted always-enabled tri-state buffer between "port3[0]" and its non-tri-state driver.
    Warning (13035): Inserted always-enabled tri-state buffer between "port3[1]" and its non-tri-state driver.
    Warning (13035): Inserted always-enabled tri-state buffer between "port3[2]" and its non-tri-state driver.
    Warning (13035): Inserted always-enabled tri-state buffer between "port3[3]" and its non-tri-state driver.
    Warning (13035): Inserted always-enabled tri-state buffer between "port3[4]" and its non-tri-state driver.
    Warning (13035): Inserted always-enabled tri-state buffer between "port3[5]" and its non-tri-state driver.
    Warning (13035): Inserted always-enabled tri-state buffer between "port3[6]" and its non-tri-state driver.
    Warning (13035): Inserted always-enabled tri-state buffer between "port3[7]" and its non-tri-state driver.
    Warning (13035): Inserted always-enabled tri-state buffer between "port4[0]" and its non-tri-state driver.
    Warning (13035): Inserted always-enabled tri-state buffer between "port4[1]" and its non-tri-state driver.
    Warning (13035): Inserted always-enabled tri-state buffer between "port4[2]" and its non-tri-state driver.
    Warning (13035): Inserted always-enabled tri-state buffer between "port4[3]" and its non-tri-state driver.
    Warning (13035): Inserted always-enabled tri-state buffer between "port4[4]" and its non-tri-state driver.
    Warning (13035): Inserted always-enabled tri-state buffer between "port4[5]" and its non-tri-state driver.
    Warning (13035): Inserted always-enabled tri-state buffer between "port4[6]" and its non-tri-state driver.
    Warning (13035): Inserted always-enabled tri-state buffer between "port4[7]" and its non-tri-state driver.
    Warning (13035): Inserted always-enabled tri-state buffer between "port5[0]" and its non-tri-state driver.
    Warning (13035): Inserted always-enabled tri-state buffer between "port5[1]" and its non-tri-state driver.
    Warning (13035): Inserted always-enabled tri-state buffer between "port5[2]" and its non-tri-state driver.
    Warning (13035): Inserted always-enabled tri-state buffer between "port5[3]" and its non-tri-state driver.
    Warning (13035): Inserted always-enabled tri-state buffer between "port5[4]" and its non-tri-state driver.
    Warning (13035): Inserted always-enabled tri-state buffer between "port5[5]" and its non-tri-state driver.
    Warning (13035): Inserted always-enabled tri-state buffer between "port5[6]" and its non-tri-state driver.
    Warning (13035): Inserted always-enabled tri-state buffer between "port5[7]" and its non-tri-state driver.
    Warning (13035): Inserted always-enabled tri-state buffer between "port6[0]" and its non-tri-state driver.
    Warning (13035): Inserted always-enabled tri-state buffer between "port6[1]" and its non-tri-state driver.
    Warning (13035): Inserted always-enabled tri-state buffer between "port6[2]" and its non-tri-state driver.
    Warning (13035): Inserted always-enabled tri-state buffer between "port6[3]" and its non-tri-state driver.
    Warning (13035): Inserted always-enabled tri-state buffer between "port6[4]" and its non-tri-state driver.
    Warning (13035): Inserted always-enabled tri-state buffer between "port6[5]" and its non-tri-state driver.
    Warning (13035): Inserted always-enabled tri-state buffer between "port6[6]" and its non-tri-state driver.
    Warning (13035): Inserted always-enabled tri-state buffer between "port6[7]" and its non-tri-state driver.
    Warning (13035): Inserted always-enabled tri-state buffer between "port7[0]" and its non-tri-state driver.
    Warning (13035): Inserted always-enabled tri-state buffer between "port7[1]" and its non-tri-state driver.
    Warning (13035): Inserted always-enabled tri-state buffer between "port7[2]" and its non-tri-state driver.
    Warning (13035): Inserted always-enabled tri-state buffer between "port7[3]" and its non-tri-state driver.
    Warning (13035): Inserted always-enabled tri-state buffer between "port7[4]" and its non-tri-state driver.
    Warning (13035): Inserted always-enabled tri-state buffer between "port7[5]" and its non-tri-state driver.
    Warning (13035): Inserted always-enabled tri-state buffer between "port7[6]" and its non-tri-state driver.
    Warning (13035): Inserted always-enabled tri-state buffer between "port7[7]" and its non-tri-state driver.
    Warning (13035): Inserted always-enabled tri-state buffer between "port8[0]" and its non-tri-state driver.
    Warning (13035): Inserted always-enabled tri-state buffer between "port8[1]" and its non-tri-state driver.
    Warning (13035): Inserted always-enabled tri-state buffer between "port8[2]" and its non-tri-state driver.
    Warning (13035): Inserted always-enabled tri-state buffer between "port8[3]" and its non-tri-state driver.
    Warning (13035): Inserted always-enabled tri-state buffer between "port8[4]" and its non-tri-state driver.
    Warning (13035): Inserted always-enabled tri-state buffer between "port8[5]" and its non-tri-state driver.
    Warning (13035): Inserted always-enabled tri-state buffer between "port8[6]" and its non-tri-state driver.
    Warning (13035): Inserted always-enabled tri-state buffer between "port8[7]" and its non-tri-state driver.
    Warning (13035): Inserted always-enabled tri-state buffer between "port9[0]" and its non-tri-state driver.
    Warning (13035): Inserted always-enabled tri-state buffer between "port9[1]" and its non-tri-state driver.
    Warning (13035): Inserted always-enabled tri-state buffer between "port9[2]" and its non-tri-state driver.
    Warning (13035): Inserted always-enabled tri-state buffer between "port9[3]" and its non-tri-state driver.
    Warning (13035): Inserted always-enabled tri-state buffer between "port9[4]" and its non-tri-state driver.
    Warning (13035): Inserted always-enabled tri-state buffer between "port9[5]" and its non-tri-state driver.
    Warning (13035): Inserted always-enabled tri-state buffer between "port9[6]" and its non-tri-state driver.
    Warning (13035): Inserted always-enabled tri-state buffer between "port9[7]" and its non-tri-state driver.
Warning (13039): The following bidir pins have no drivers
    Warning (13040): Bidir "MSE_RESETN" has no driver
    Warning (13040): Bidir "MSE_RSTOUT" has no driver
    Warning (13040): Bidir "MSE_SCLK" has no driver
    Warning (13040): Bidir "MSE_SDI[0]" has no driver
    Warning (13040): Bidir "MSE_SDI[1]" has no driver
    Warning (13040): Bidir "MSE_SDI[2]" has no driver
    Warning (13040): Bidir "MSE_SDI[3]" has no driver
    Warning (13040): Bidir "MSE_SDI[4]" has no driver
    Warning (13040): Bidir "MSE_SDI[5]" has no driver
    Warning (13040): Bidir "MSE_SDI[6]" has no driver
    Warning (13040): Bidir "MSE_SDO[0]" has no driver
    Warning (13040): Bidir "MSE_SDO[1]" has no driver
    Warning (13040): Bidir "MSE_SDO[2]" has no driver
    Warning (13040): Bidir "MSE_SDO[3]" has no driver
    Warning (13040): Bidir "MSE_SDO[4]" has no driver
    Warning (13040): Bidir "MSE_SDO[5]" has no driver
    Warning (13040): Bidir "MSE_SDO[6]" has no driver
    Warning (13040): Bidir "MSE_SLE[0]" has no driver
    Warning (13040): Bidir "MSE_SLE[1]" has no driver
    Warning (13040): Bidir "MSE_SLE[2]" has no driver
    Warning (13040): Bidir "MSE_SLE[3]" has no driver
    Warning (13040): Bidir "MSE_SLE[4]" has no driver
    Warning (13040): Bidir "MSE_SLE[5]" has no driver
    Warning (13040): Bidir "MSE_SLE[6]" has no driver
    Warning (13040): Bidir "MSE_SRDY[0]" has no driver
    Warning (13040): Bidir "MSE_SRDY[1]" has no driver
    Warning (13040): Bidir "MSE_SRDY[2]" has no driver
    Warning (13040): Bidir "MSE_SRDY[3]" has no driver
    Warning (13040): Bidir "MSE_SRDY[4]" has no driver
    Warning (13040): Bidir "MSE_SRDY[5]" has no driver
    Warning (13040): Bidir "MSE_SRDY[6]" has no driver
Warning (13009): TRI or OPNDRN buffers permanently enabled
    Warning (13010): Node "port0[0]~synth"
    Warning (13010): Node "port0[1]~synth"
    Warning (13010): Node "port0[2]~synth"
    Warning (13010): Node "port0[3]~synth"
    Warning (13010): Node "port0[4]~synth"
    Warning (13010): Node "port0[5]~synth"
    Warning (13010): Node "port0[6]~synth"
    Warning (13010): Node "port0[7]~synth"
    Warning (13010): Node "port1[0]~synth"
    Warning (13010): Node "port1[1]~synth"
    Warning (13010): Node "port1[2]~synth"
    Warning (13010): Node "port1[3]~synth"
    Warning (13010): Node "port1[4]~synth"
    Warning (13010): Node "port1[5]~synth"
    Warning (13010): Node "port1[6]~synth"
    Warning (13010): Node "port1[7]~synth"
    Warning (13010): Node "port2[0]~synth"
    Warning (13010): Node "port2[1]~synth"
    Warning (13010): Node "port2[2]~synth"
    Warning (13010): Node "port2[3]~synth"
    Warning (13010): Node "port2[4]~synth"
    Warning (13010): Node "port2[5]~synth"
    Warning (13010): Node "port2[6]~synth"
    Warning (13010): Node "port2[7]~synth"
    Warning (13010): Node "port3[0]~synth"
    Warning (13010): Node "port3[1]~synth"
    Warning (13010): Node "port3[2]~synth"
    Warning (13010): Node "port3[3]~synth"
    Warning (13010): Node "port3[4]~synth"
    Warning (13010): Node "port3[5]~synth"
    Warning (13010): Node "port3[6]~synth"
    Warning (13010): Node "port3[7]~synth"
    Warning (13010): Node "port4[0]~synth"
    Warning (13010): Node "port4[1]~synth"
    Warning (13010): Node "port4[2]~synth"
    Warning (13010): Node "port4[3]~synth"
    Warning (13010): Node "port4[4]~synth"
    Warning (13010): Node "port4[5]~synth"
    Warning (13010): Node "port4[6]~synth"
    Warning (13010): Node "port4[7]~synth"
    Warning (13010): Node "port5[0]~synth"
    Warning (13010): Node "port5[1]~synth"
    Warning (13010): Node "port5[2]~synth"
    Warning (13010): Node "port5[3]~synth"
    Warning (13010): Node "port5[4]~synth"
    Warning (13010): Node "port5[5]~synth"
    Warning (13010): Node "port5[6]~synth"
    Warning (13010): Node "port5[7]~synth"
    Warning (13010): Node "port6[0]~synth"
    Warning (13010): Node "port6[1]~synth"
    Warning (13010): Node "port6[2]~synth"
    Warning (13010): Node "port6[3]~synth"
    Warning (13010): Node "port6[4]~synth"
    Warning (13010): Node "port6[5]~synth"
    Warning (13010): Node "port6[6]~synth"
    Warning (13010): Node "port6[7]~synth"
    Warning (13010): Node "port7[0]~synth"
    Warning (13010): Node "port7[1]~synth"
    Warning (13010): Node "port7[2]~synth"
    Warning (13010): Node "port7[3]~synth"
    Warning (13010): Node "port7[4]~synth"
    Warning (13010): Node "port7[5]~synth"
    Warning (13010): Node "port7[6]~synth"
    Warning (13010): Node "port7[7]~synth"
    Warning (13010): Node "port8[0]~synth"
    Warning (13010): Node "port8[1]~synth"
    Warning (13010): Node "port8[2]~synth"
    Warning (13010): Node "port8[3]~synth"
    Warning (13010): Node "port8[4]~synth"
    Warning (13010): Node "port8[5]~synth"
    Warning (13010): Node "port8[6]~synth"
    Warning (13010): Node "port8[7]~synth"
    Warning (13010): Node "port9[0]~synth"
    Warning (13010): Node "port9[1]~synth"
    Warning (13010): Node "port9[2]~synth"
    Warning (13010): Node "port9[3]~synth"
    Warning (13010): Node "port9[4]~synth"
    Warning (13010): Node "port9[5]~synth"
    Warning (13010): Node "port9[6]~synth"
    Warning (13010): Node "port9[7]~synth"
Warning (13024): Output pins are stuck at VCC or GND
    Warning (13410): Pin "LED[0]" is stuck at GND
    Warning (13410): Pin "LED[1]" is stuck at GND
    Warning (13410): Pin "LED[2]" is stuck at GND
    Warning (13410): Pin "LED[3]" is stuck at GND
Info (17049): 1 registers lost all their fanouts during netlist optimizations.
Info (21057): Implemented 166 device resources after synthesis - the final resource count might be different
    Info (21058): Implemented 0 input pins
    Info (21059): Implemented 4 output pins
    Info (21060): Implemented 111 bidirectional pins
    Info (21061): Implemented 50 logic cells
    Info (21070): Implemented 1 User Flash Memory blocks
Info: Quartus II 32-bit Analysis & Synthesis was successful. 0 errors, 202 warnings
    Info: Peak virtual memory: 339 megabytes
    Info: Processing ended: Mon Jun 17 17:53:48 2013
    Info: Elapsed time: 00:00:35
    Info: Total CPU time (on all processors): 00:00:11


