TimeQuest Timing Analyzer report for mse
Sat Jun 15 12:17:07 2013
Quartus II 32-bit Version 12.1 Build 243 01/31/2013 Service Pack 1 SJ Full Version


---------------------
; Table of Contents ;
---------------------
  1. Legal Notice
  2. TimeQuest Timing Analyzer Summary
  3. Parallel Compilation
  4. Clocks
  5. Fmax Summary
  6. Setup Summary
  7. Hold Summary
  8. Recovery Summary
  9. Removal Summary
 10. Minimum Pulse Width Summary
 11. Setup: 'osc|maxii_ufm_block1|osc'
 12. Hold: 'osc|maxii_ufm_block1|osc'
 13. Minimum Pulse Width: 'osc|maxii_ufm_block1|osc'
 14. Clock to Output Times
 15. Minimum Clock to Output Times
 16. Setup Transfers
 17. Hold Transfers
 18. Report TCCS
 19. Report RSKM
 20. Unconstrained Paths
 21. TimeQuest Timing Analyzer Messages



----------------
; Legal Notice ;
----------------
Copyright (C) 1991-2012 Altera Corporation
Your use of Altera Corporation's design tools, logic functions 
and other software and tools, and its AMPP partner logic 
functions, and any output files from any of the foregoing 
(including device programming or simulation files), and any 
associated documentation or information are expressly subject 
to the terms and conditions of the Altera Program License 
Subscription Agreement, Altera MegaCore Function License 
Agreement, or other applicable license agreement, including, 
without limitation, that your use is for the sole purpose of 
programming logic devices manufactured by Altera and sold by 
Altera or its authorized distributors.  Please refer to the 
applicable agreement for further details.



+---------------------------------------------------------------------------------------+
; TimeQuest Timing Analyzer Summary                                                     ;
+--------------------+------------------------------------------------------------------+
; Quartus II Version ; Version 12.1 Build 243 01/31/2013 Service Pack 1 SJ Full Version ;
; Revision Name      ; mse                                                              ;
; Device Family      ; MAX II                                                           ;
; Device Name        ; EPM1270T144C5                                                    ;
; Timing Models      ; Final                                                            ;
; Delay Model        ; Slow Model                                                       ;
; Rise/Fall Delays   ; Unavailable                                                      ;
+--------------------+------------------------------------------------------------------+


+------------------------------------------+
; Parallel Compilation                     ;
+----------------------------+-------------+
; Processors                 ; Number      ;
+----------------------------+-------------+
; Number detected on machine ; 2           ;
; Maximum allowed            ; 2           ;
;                            ;             ;
; Average used               ; 1.00        ;
; Maximum used               ; 1           ;
;                            ;             ;
; Usage by Processor         ; % Time Used ;
;     1 processor            ; 100.0%      ;
;     2 processors           ;   0.0%      ;
+----------------------------+-------------+


+---------------------------------------------------------------------------------------------------------------------------------------------------------------------------------------------------------------------+
; Clocks                                                                                                                                                                                                              ;
+--------------------------+------+---------+-----------+-------+--------+------------+-----------+-------------+-------+--------+-----------+------------+----------+--------+--------+------------------------------+
; Clock Name               ; Type ; Period  ; Frequency ; Rise  ; Fall   ; Duty Cycle ; Divide by ; Multiply by ; Phase ; Offset ; Edge List ; Edge Shift ; Inverted ; Master ; Source ; Targets                      ;
+--------------------------+------+---------+-----------+-------+--------+------------+-----------+-------------+-------+--------+-----------+------------+----------+--------+--------+------------------------------+
; osc|maxii_ufm_block1|osc ; Base ; 181.818 ; 5.5 MHz   ; 0.000 ; 90.909 ;            ;           ;             ;       ;        ;           ;            ;          ;        ;        ; { osc|maxii_ufm_block1|osc } ;
+--------------------------+------+---------+-----------+-------+--------+------------+-----------+-------------+-------+--------+-----------+------------+----------+--------+--------+------------------------------+


+----------------------------------------------------------------+
; Fmax Summary                                                   ;
+------------+-----------------+--------------------------+------+
; Fmax       ; Restricted Fmax ; Clock Name               ; Note ;
+------------+-----------------+--------------------------+------+
; 178.83 MHz ; 178.83 MHz      ; osc|maxii_ufm_block1|osc ;      ;
+------------+-----------------+--------------------------+------+
This panel reports FMAX for every clock in the design, regardless of the user-specified clock periods.  FMAX is only computed for paths where the source and destination registers or ports are driven by the same clock.  Paths of different clocks, including generated clocks, are ignored.  For paths between a clock and its inversion, FMAX is computed as if the rising and falling edges are scaled along with FMAX, such that the duty cycle (in terms of a percentage) is maintained. Altera recommends that you always use clock constraints and other slack reports for sign-off analysis.


+----------------------------------------------------+
; Setup Summary                                      ;
+--------------------------+---------+---------------+
; Clock                    ; Slack   ; End Point TNS ;
+--------------------------+---------+---------------+
; osc|maxii_ufm_block1|osc ; 176.226 ; 0.000         ;
+--------------------------+---------+---------------+


+--------------------------------------------------+
; Hold Summary                                     ;
+--------------------------+-------+---------------+
; Clock                    ; Slack ; End Point TNS ;
+--------------------------+-------+---------------+
; osc|maxii_ufm_block1|osc ; 1.667 ; 0.000         ;
+--------------------------+-------+---------------+


--------------------
; Recovery Summary ;
--------------------
No paths to report.


-------------------
; Removal Summary ;
-------------------
No paths to report.


+---------------------------------------------------+
; Minimum Pulse Width Summary                       ;
+--------------------------+--------+---------------+
; Clock                    ; Slack  ; End Point TNS ;
+--------------------------+--------+---------------+
; osc|maxii_ufm_block1|osc ; 90.643 ; 0.000         ;
+--------------------------+--------+---------------+


+------------------------------------------------------------------------------------------------------------------------------+
; Setup: 'osc|maxii_ufm_block1|osc'                                                                                            ;
+---------+-----------+---------+--------------------------+--------------------------+--------------+------------+------------+
; Slack   ; From Node ; To Node ; Launch Clock             ; Latch Clock              ; Relationship ; Clock Skew ; Data Delay ;
+---------+-----------+---------+--------------------------+--------------------------+--------------+------------+------------+
; 176.226 ; temp[1]   ; temp[5] ; osc|maxii_ufm_block1|osc ; osc|maxii_ufm_block1|osc ; 181.818      ; 0.000      ; 5.259      ;
; 176.226 ; temp[1]   ; temp[6] ; osc|maxii_ufm_block1|osc ; osc|maxii_ufm_block1|osc ; 181.818      ; 0.000      ; 5.259      ;
; 176.226 ; temp[1]   ; temp[7] ; osc|maxii_ufm_block1|osc ; osc|maxii_ufm_block1|osc ; 181.818      ; 0.000      ; 5.259      ;
; 176.693 ; temp[1]   ; temp[4] ; osc|maxii_ufm_block1|osc ; osc|maxii_ufm_block1|osc ; 181.818      ; 0.000      ; 4.792      ;
; 176.816 ; temp[1]   ; temp[3] ; osc|maxii_ufm_block1|osc ; osc|maxii_ufm_block1|osc ; 181.818      ; 0.000      ; 4.669      ;
; 176.939 ; temp[1]   ; temp[2] ; osc|maxii_ufm_block1|osc ; osc|maxii_ufm_block1|osc ; 181.818      ; 0.000      ; 4.546      ;
; 177.561 ; temp[0]   ; temp[5] ; osc|maxii_ufm_block1|osc ; osc|maxii_ufm_block1|osc ; 181.818      ; 0.000      ; 3.924      ;
; 177.561 ; temp[0]   ; temp[6] ; osc|maxii_ufm_block1|osc ; osc|maxii_ufm_block1|osc ; 181.818      ; 0.000      ; 3.924      ;
; 177.561 ; temp[0]   ; temp[7] ; osc|maxii_ufm_block1|osc ; osc|maxii_ufm_block1|osc ; 181.818      ; 0.000      ; 3.924      ;
; 177.629 ; temp[3]   ; temp[5] ; osc|maxii_ufm_block1|osc ; osc|maxii_ufm_block1|osc ; 181.818      ; 0.000      ; 3.856      ;
; 177.629 ; temp[3]   ; temp[6] ; osc|maxii_ufm_block1|osc ; osc|maxii_ufm_block1|osc ; 181.818      ; 0.000      ; 3.856      ;
; 177.629 ; temp[3]   ; temp[7] ; osc|maxii_ufm_block1|osc ; osc|maxii_ufm_block1|osc ; 181.818      ; 0.000      ; 3.856      ;
; 177.701 ; temp[2]   ; temp[5] ; osc|maxii_ufm_block1|osc ; osc|maxii_ufm_block1|osc ; 181.818      ; 0.000      ; 3.784      ;
; 177.701 ; temp[2]   ; temp[6] ; osc|maxii_ufm_block1|osc ; osc|maxii_ufm_block1|osc ; 181.818      ; 0.000      ; 3.784      ;
; 177.701 ; temp[2]   ; temp[7] ; osc|maxii_ufm_block1|osc ; osc|maxii_ufm_block1|osc ; 181.818      ; 0.000      ; 3.784      ;
; 177.772 ; temp[4]   ; temp[5] ; osc|maxii_ufm_block1|osc ; osc|maxii_ufm_block1|osc ; 181.818      ; 0.000      ; 3.713      ;
; 177.772 ; temp[4]   ; temp[6] ; osc|maxii_ufm_block1|osc ; osc|maxii_ufm_block1|osc ; 181.818      ; 0.000      ; 3.713      ;
; 177.772 ; temp[4]   ; temp[7] ; osc|maxii_ufm_block1|osc ; osc|maxii_ufm_block1|osc ; 181.818      ; 0.000      ; 3.713      ;
; 177.895 ; temp[1]   ; temp[1] ; osc|maxii_ufm_block1|osc ; osc|maxii_ufm_block1|osc ; 181.818      ; 0.000      ; 3.590      ;
; 177.955 ; temp[5]   ; temp[7] ; osc|maxii_ufm_block1|osc ; osc|maxii_ufm_block1|osc ; 181.818      ; 0.000      ; 3.530      ;
; 178.028 ; temp[0]   ; temp[4] ; osc|maxii_ufm_block1|osc ; osc|maxii_ufm_block1|osc ; 181.818      ; 0.000      ; 3.457      ;
; 178.077 ; temp[6]   ; temp[7] ; osc|maxii_ufm_block1|osc ; osc|maxii_ufm_block1|osc ; 181.818      ; 0.000      ; 3.408      ;
; 178.078 ; temp[5]   ; temp[6] ; osc|maxii_ufm_block1|osc ; osc|maxii_ufm_block1|osc ; 181.818      ; 0.000      ; 3.407      ;
; 178.096 ; temp[3]   ; temp[4] ; osc|maxii_ufm_block1|osc ; osc|maxii_ufm_block1|osc ; 181.818      ; 0.000      ; 3.389      ;
; 178.151 ; temp[0]   ; temp[3] ; osc|maxii_ufm_block1|osc ; osc|maxii_ufm_block1|osc ; 181.818      ; 0.000      ; 3.334      ;
; 178.168 ; temp[2]   ; temp[4] ; osc|maxii_ufm_block1|osc ; osc|maxii_ufm_block1|osc ; 181.818      ; 0.000      ; 3.317      ;
; 178.274 ; temp[0]   ; temp[2] ; osc|maxii_ufm_block1|osc ; osc|maxii_ufm_block1|osc ; 181.818      ; 0.000      ; 3.211      ;
; 178.291 ; temp[2]   ; temp[3] ; osc|maxii_ufm_block1|osc ; osc|maxii_ufm_block1|osc ; 181.818      ; 0.000      ; 3.194      ;
; 179.033 ; temp[4]   ; temp[4] ; osc|maxii_ufm_block1|osc ; osc|maxii_ufm_block1|osc ; 181.818      ; 0.000      ; 2.452      ;
; 179.033 ; temp[6]   ; temp[6] ; osc|maxii_ufm_block1|osc ; osc|maxii_ufm_block1|osc ; 181.818      ; 0.000      ; 2.452      ;
; 179.034 ; temp[5]   ; temp[5] ; osc|maxii_ufm_block1|osc ; osc|maxii_ufm_block1|osc ; 181.818      ; 0.000      ; 2.451      ;
; 179.052 ; temp[3]   ; temp[3] ; osc|maxii_ufm_block1|osc ; osc|maxii_ufm_block1|osc ; 181.818      ; 0.000      ; 2.433      ;
; 179.121 ; temp[0]   ; temp[1] ; osc|maxii_ufm_block1|osc ; osc|maxii_ufm_block1|osc ; 181.818      ; 0.000      ; 2.364      ;
; 179.138 ; temp[2]   ; temp[2] ; osc|maxii_ufm_block1|osc ; osc|maxii_ufm_block1|osc ; 181.818      ; 0.000      ; 2.347      ;
; 179.156 ; temp[7]   ; temp[7] ; osc|maxii_ufm_block1|osc ; osc|maxii_ufm_block1|osc ; 181.818      ; 0.000      ; 2.329      ;
; 179.597 ; temp[0]   ; temp[0] ; osc|maxii_ufm_block1|osc ; osc|maxii_ufm_block1|osc ; 181.818      ; 0.000      ; 1.888      ;
+---------+-----------+---------+--------------------------+--------------------------+--------------+------------+------------+


+----------------------------------------------------------------------------------------------------------------------------+
; Hold: 'osc|maxii_ufm_block1|osc'                                                                                           ;
+-------+-----------+---------+--------------------------+--------------------------+--------------+------------+------------+
; Slack ; From Node ; To Node ; Launch Clock             ; Latch Clock              ; Relationship ; Clock Skew ; Data Delay ;
+-------+-----------+---------+--------------------------+--------------------------+--------------+------------+------------+
; 1.667 ; temp[0]   ; temp[0] ; osc|maxii_ufm_block1|osc ; osc|maxii_ufm_block1|osc ; 0.000        ; 0.000      ; 1.888      ;
; 2.108 ; temp[7]   ; temp[7] ; osc|maxii_ufm_block1|osc ; osc|maxii_ufm_block1|osc ; 0.000        ; 0.000      ; 2.329      ;
; 2.126 ; temp[2]   ; temp[2] ; osc|maxii_ufm_block1|osc ; osc|maxii_ufm_block1|osc ; 0.000        ; 0.000      ; 2.347      ;
; 2.143 ; temp[0]   ; temp[1] ; osc|maxii_ufm_block1|osc ; osc|maxii_ufm_block1|osc ; 0.000        ; 0.000      ; 2.364      ;
; 2.212 ; temp[3]   ; temp[3] ; osc|maxii_ufm_block1|osc ; osc|maxii_ufm_block1|osc ; 0.000        ; 0.000      ; 2.433      ;
; 2.230 ; temp[5]   ; temp[5] ; osc|maxii_ufm_block1|osc ; osc|maxii_ufm_block1|osc ; 0.000        ; 0.000      ; 2.451      ;
; 2.231 ; temp[4]   ; temp[4] ; osc|maxii_ufm_block1|osc ; osc|maxii_ufm_block1|osc ; 0.000        ; 0.000      ; 2.452      ;
; 2.231 ; temp[6]   ; temp[6] ; osc|maxii_ufm_block1|osc ; osc|maxii_ufm_block1|osc ; 0.000        ; 0.000      ; 2.452      ;
; 2.958 ; temp[2]   ; temp[3] ; osc|maxii_ufm_block1|osc ; osc|maxii_ufm_block1|osc ; 0.000        ; 0.000      ; 3.179      ;
; 2.975 ; temp[0]   ; temp[2] ; osc|maxii_ufm_block1|osc ; osc|maxii_ufm_block1|osc ; 0.000        ; 0.000      ; 3.196      ;
; 3.069 ; temp[2]   ; temp[4] ; osc|maxii_ufm_block1|osc ; osc|maxii_ufm_block1|osc ; 0.000        ; 0.000      ; 3.290      ;
; 3.086 ; temp[0]   ; temp[3] ; osc|maxii_ufm_block1|osc ; osc|maxii_ufm_block1|osc ; 0.000        ; 0.000      ; 3.307      ;
; 3.152 ; temp[3]   ; temp[4] ; osc|maxii_ufm_block1|osc ; osc|maxii_ufm_block1|osc ; 0.000        ; 0.000      ; 3.373      ;
; 3.170 ; temp[5]   ; temp[6] ; osc|maxii_ufm_block1|osc ; osc|maxii_ufm_block1|osc ; 0.000        ; 0.000      ; 3.391      ;
; 3.171 ; temp[6]   ; temp[7] ; osc|maxii_ufm_block1|osc ; osc|maxii_ufm_block1|osc ; 0.000        ; 0.000      ; 3.392      ;
; 3.197 ; temp[0]   ; temp[4] ; osc|maxii_ufm_block1|osc ; osc|maxii_ufm_block1|osc ; 0.000        ; 0.000      ; 3.418      ;
; 3.281 ; temp[5]   ; temp[7] ; osc|maxii_ufm_block1|osc ; osc|maxii_ufm_block1|osc ; 0.000        ; 0.000      ; 3.502      ;
; 3.369 ; temp[1]   ; temp[1] ; osc|maxii_ufm_block1|osc ; osc|maxii_ufm_block1|osc ; 0.000        ; 0.000      ; 3.590      ;
; 3.492 ; temp[4]   ; temp[5] ; osc|maxii_ufm_block1|osc ; osc|maxii_ufm_block1|osc ; 0.000        ; 0.000      ; 3.713      ;
; 3.492 ; temp[4]   ; temp[6] ; osc|maxii_ufm_block1|osc ; osc|maxii_ufm_block1|osc ; 0.000        ; 0.000      ; 3.713      ;
; 3.492 ; temp[4]   ; temp[7] ; osc|maxii_ufm_block1|osc ; osc|maxii_ufm_block1|osc ; 0.000        ; 0.000      ; 3.713      ;
; 3.538 ; temp[2]   ; temp[5] ; osc|maxii_ufm_block1|osc ; osc|maxii_ufm_block1|osc ; 0.000        ; 0.000      ; 3.759      ;
; 3.538 ; temp[2]   ; temp[6] ; osc|maxii_ufm_block1|osc ; osc|maxii_ufm_block1|osc ; 0.000        ; 0.000      ; 3.759      ;
; 3.538 ; temp[2]   ; temp[7] ; osc|maxii_ufm_block1|osc ; osc|maxii_ufm_block1|osc ; 0.000        ; 0.000      ; 3.759      ;
; 3.621 ; temp[3]   ; temp[5] ; osc|maxii_ufm_block1|osc ; osc|maxii_ufm_block1|osc ; 0.000        ; 0.000      ; 3.842      ;
; 3.621 ; temp[3]   ; temp[6] ; osc|maxii_ufm_block1|osc ; osc|maxii_ufm_block1|osc ; 0.000        ; 0.000      ; 3.842      ;
; 3.621 ; temp[3]   ; temp[7] ; osc|maxii_ufm_block1|osc ; osc|maxii_ufm_block1|osc ; 0.000        ; 0.000      ; 3.842      ;
; 3.666 ; temp[0]   ; temp[5] ; osc|maxii_ufm_block1|osc ; osc|maxii_ufm_block1|osc ; 0.000        ; 0.000      ; 3.887      ;
; 3.666 ; temp[0]   ; temp[6] ; osc|maxii_ufm_block1|osc ; osc|maxii_ufm_block1|osc ; 0.000        ; 0.000      ; 3.887      ;
; 3.666 ; temp[0]   ; temp[7] ; osc|maxii_ufm_block1|osc ; osc|maxii_ufm_block1|osc ; 0.000        ; 0.000      ; 3.887      ;
; 4.309 ; temp[1]   ; temp[2] ; osc|maxii_ufm_block1|osc ; osc|maxii_ufm_block1|osc ; 0.000        ; 0.000      ; 4.530      ;
; 4.420 ; temp[1]   ; temp[3] ; osc|maxii_ufm_block1|osc ; osc|maxii_ufm_block1|osc ; 0.000        ; 0.000      ; 4.641      ;
; 4.531 ; temp[1]   ; temp[4] ; osc|maxii_ufm_block1|osc ; osc|maxii_ufm_block1|osc ; 0.000        ; 0.000      ; 4.752      ;
; 5.000 ; temp[1]   ; temp[5] ; osc|maxii_ufm_block1|osc ; osc|maxii_ufm_block1|osc ; 0.000        ; 0.000      ; 5.221      ;
; 5.000 ; temp[1]   ; temp[6] ; osc|maxii_ufm_block1|osc ; osc|maxii_ufm_block1|osc ; 0.000        ; 0.000      ; 5.221      ;
; 5.000 ; temp[1]   ; temp[7] ; osc|maxii_ufm_block1|osc ; osc|maxii_ufm_block1|osc ; 0.000        ; 0.000      ; 5.221      ;
+-------+-----------+---------+--------------------------+--------------------------+--------------+------------+------------+


+-----------------------------------------------------------------------------------------------------------------+
; Minimum Pulse Width: 'osc|maxii_ufm_block1|osc'                                                                 ;
+--------+--------------+----------------+------------------+--------------------------+------------+-------------+
; Slack  ; Actual Width ; Required Width ; Type             ; Clock                    ; Clock Edge ; Target      ;
+--------+--------------+----------------+------------------+--------------------------+------------+-------------+
; 90.643 ; 90.909       ; 0.266          ; High Pulse Width ; osc|maxii_ufm_block1|osc ; Rise       ; temp[0]     ;
; 90.643 ; 90.909       ; 0.266          ; Low Pulse Width  ; osc|maxii_ufm_block1|osc ; Rise       ; temp[0]     ;
; 90.643 ; 90.909       ; 0.266          ; High Pulse Width ; osc|maxii_ufm_block1|osc ; Rise       ; temp[1]     ;
; 90.643 ; 90.909       ; 0.266          ; Low Pulse Width  ; osc|maxii_ufm_block1|osc ; Rise       ; temp[1]     ;
; 90.643 ; 90.909       ; 0.266          ; High Pulse Width ; osc|maxii_ufm_block1|osc ; Rise       ; temp[2]     ;
; 90.643 ; 90.909       ; 0.266          ; Low Pulse Width  ; osc|maxii_ufm_block1|osc ; Rise       ; temp[2]     ;
; 90.643 ; 90.909       ; 0.266          ; High Pulse Width ; osc|maxii_ufm_block1|osc ; Rise       ; temp[3]     ;
; 90.643 ; 90.909       ; 0.266          ; Low Pulse Width  ; osc|maxii_ufm_block1|osc ; Rise       ; temp[3]     ;
; 90.643 ; 90.909       ; 0.266          ; High Pulse Width ; osc|maxii_ufm_block1|osc ; Rise       ; temp[4]     ;
; 90.643 ; 90.909       ; 0.266          ; Low Pulse Width  ; osc|maxii_ufm_block1|osc ; Rise       ; temp[4]     ;
; 90.643 ; 90.909       ; 0.266          ; High Pulse Width ; osc|maxii_ufm_block1|osc ; Rise       ; temp[5]     ;
; 90.643 ; 90.909       ; 0.266          ; Low Pulse Width  ; osc|maxii_ufm_block1|osc ; Rise       ; temp[5]     ;
; 90.643 ; 90.909       ; 0.266          ; High Pulse Width ; osc|maxii_ufm_block1|osc ; Rise       ; temp[6]     ;
; 90.643 ; 90.909       ; 0.266          ; Low Pulse Width  ; osc|maxii_ufm_block1|osc ; Rise       ; temp[6]     ;
; 90.643 ; 90.909       ; 0.266          ; High Pulse Width ; osc|maxii_ufm_block1|osc ; Rise       ; temp[7]     ;
; 90.643 ; 90.909       ; 0.266          ; Low Pulse Width  ; osc|maxii_ufm_block1|osc ; Rise       ; temp[7]     ;
; 90.909 ; 90.909       ; 0.000          ; High Pulse Width ; osc|maxii_ufm_block1|osc ; Rise       ; temp[0]|clk ;
; 90.909 ; 90.909       ; 0.000          ; Low Pulse Width  ; osc|maxii_ufm_block1|osc ; Rise       ; temp[0]|clk ;
; 90.909 ; 90.909       ; 0.000          ; High Pulse Width ; osc|maxii_ufm_block1|osc ; Rise       ; temp[1]|clk ;
; 90.909 ; 90.909       ; 0.000          ; Low Pulse Width  ; osc|maxii_ufm_block1|osc ; Rise       ; temp[1]|clk ;
; 90.909 ; 90.909       ; 0.000          ; High Pulse Width ; osc|maxii_ufm_block1|osc ; Rise       ; temp[2]|clk ;
; 90.909 ; 90.909       ; 0.000          ; Low Pulse Width  ; osc|maxii_ufm_block1|osc ; Rise       ; temp[2]|clk ;
; 90.909 ; 90.909       ; 0.000          ; High Pulse Width ; osc|maxii_ufm_block1|osc ; Rise       ; temp[3]|clk ;
; 90.909 ; 90.909       ; 0.000          ; Low Pulse Width  ; osc|maxii_ufm_block1|osc ; Rise       ; temp[3]|clk ;
; 90.909 ; 90.909       ; 0.000          ; High Pulse Width ; osc|maxii_ufm_block1|osc ; Rise       ; temp[4]|clk ;
; 90.909 ; 90.909       ; 0.000          ; Low Pulse Width  ; osc|maxii_ufm_block1|osc ; Rise       ; temp[4]|clk ;
; 90.909 ; 90.909       ; 0.000          ; High Pulse Width ; osc|maxii_ufm_block1|osc ; Rise       ; temp[5]|clk ;
; 90.909 ; 90.909       ; 0.000          ; Low Pulse Width  ; osc|maxii_ufm_block1|osc ; Rise       ; temp[5]|clk ;
; 90.909 ; 90.909       ; 0.000          ; High Pulse Width ; osc|maxii_ufm_block1|osc ; Rise       ; temp[6]|clk ;
; 90.909 ; 90.909       ; 0.000          ; Low Pulse Width  ; osc|maxii_ufm_block1|osc ; Rise       ; temp[6]|clk ;
; 90.909 ; 90.909       ; 0.000          ; High Pulse Width ; osc|maxii_ufm_block1|osc ; Rise       ; temp[7]|clk ;
; 90.909 ; 90.909       ; 0.000          ; Low Pulse Width  ; osc|maxii_ufm_block1|osc ; Rise       ; temp[7]|clk ;
+--------+--------------+----------------+------------------+--------------------------+------------+-------------+


+------------------------------------------------------------------------------------------------+
; Clock to Output Times                                                                          ;
+-----------+--------------------------+--------+--------+------------+--------------------------+
; Data Port ; Clock Port               ; Rise   ; Fall   ; Clock Edge ; Clock Reference          ;
+-----------+--------------------------+--------+--------+------------+--------------------------+
; port0[*]  ; osc|maxii_ufm_block1|osc ; 12.066 ; 12.066 ; Rise       ; osc|maxii_ufm_block1|osc ;
;  port0[0] ; osc|maxii_ufm_block1|osc ; 10.396 ; 10.396 ; Rise       ; osc|maxii_ufm_block1|osc ;
;  port0[1] ; osc|maxii_ufm_block1|osc ; 12.066 ; 12.066 ; Rise       ; osc|maxii_ufm_block1|osc ;
;  port0[2] ; osc|maxii_ufm_block1|osc ; 10.834 ; 10.834 ; Rise       ; osc|maxii_ufm_block1|osc ;
;  port0[3] ; osc|maxii_ufm_block1|osc ; 11.401 ; 11.401 ; Rise       ; osc|maxii_ufm_block1|osc ;
;  port0[4] ; osc|maxii_ufm_block1|osc ; 10.949 ; 10.949 ; Rise       ; osc|maxii_ufm_block1|osc ;
;  port0[5] ; osc|maxii_ufm_block1|osc ; 11.043 ; 11.043 ; Rise       ; osc|maxii_ufm_block1|osc ;
;  port0[6] ; osc|maxii_ufm_block1|osc ; 10.893 ; 10.893 ; Rise       ; osc|maxii_ufm_block1|osc ;
;  port0[7] ; osc|maxii_ufm_block1|osc ; 11.486 ; 11.486 ; Rise       ; osc|maxii_ufm_block1|osc ;
; port1[*]  ; osc|maxii_ufm_block1|osc ; 10.824 ; 10.824 ; Rise       ; osc|maxii_ufm_block1|osc ;
;  port1[0] ; osc|maxii_ufm_block1|osc ; 10.386 ; 10.386 ; Rise       ; osc|maxii_ufm_block1|osc ;
;  port1[1] ; osc|maxii_ufm_block1|osc ; 10.505 ; 10.505 ; Rise       ; osc|maxii_ufm_block1|osc ;
;  port1[2] ; osc|maxii_ufm_block1|osc ; 10.419 ; 10.419 ; Rise       ; osc|maxii_ufm_block1|osc ;
;  port1[3] ; osc|maxii_ufm_block1|osc ; 10.824 ; 10.824 ; Rise       ; osc|maxii_ufm_block1|osc ;
;  port1[4] ; osc|maxii_ufm_block1|osc ; 10.397 ; 10.397 ; Rise       ; osc|maxii_ufm_block1|osc ;
;  port1[5] ; osc|maxii_ufm_block1|osc ; 10.498 ; 10.498 ; Rise       ; osc|maxii_ufm_block1|osc ;
;  port1[6] ; osc|maxii_ufm_block1|osc ; 10.320 ; 10.320 ; Rise       ; osc|maxii_ufm_block1|osc ;
;  port1[7] ; osc|maxii_ufm_block1|osc ; 10.439 ; 10.439 ; Rise       ; osc|maxii_ufm_block1|osc ;
; port2[*]  ; osc|maxii_ufm_block1|osc ; 11.134 ; 11.134 ; Rise       ; osc|maxii_ufm_block1|osc ;
;  port2[0] ; osc|maxii_ufm_block1|osc ; 10.386 ; 10.386 ; Rise       ; osc|maxii_ufm_block1|osc ;
;  port2[1] ; osc|maxii_ufm_block1|osc ; 11.134 ; 11.134 ; Rise       ; osc|maxii_ufm_block1|osc ;
;  port2[2] ; osc|maxii_ufm_block1|osc ; 9.777  ; 9.777  ; Rise       ; osc|maxii_ufm_block1|osc ;
;  port2[3] ; osc|maxii_ufm_block1|osc ; 9.784  ; 9.784  ; Rise       ; osc|maxii_ufm_block1|osc ;
;  port2[4] ; osc|maxii_ufm_block1|osc ; 10.397 ; 10.397 ; Rise       ; osc|maxii_ufm_block1|osc ;
;  port2[5] ; osc|maxii_ufm_block1|osc ; 9.887  ; 9.887  ; Rise       ; osc|maxii_ufm_block1|osc ;
;  port2[6] ; osc|maxii_ufm_block1|osc ; 9.759  ; 9.759  ; Rise       ; osc|maxii_ufm_block1|osc ;
;  port2[7] ; osc|maxii_ufm_block1|osc ; 9.776  ; 9.776  ; Rise       ; osc|maxii_ufm_block1|osc ;
; port3[*]  ; osc|maxii_ufm_block1|osc ; 12.107 ; 12.107 ; Rise       ; osc|maxii_ufm_block1|osc ;
;  port3[0] ; osc|maxii_ufm_block1|osc ; 11.533 ; 11.533 ; Rise       ; osc|maxii_ufm_block1|osc ;
;  port3[1] ; osc|maxii_ufm_block1|osc ; 11.134 ; 11.134 ; Rise       ; osc|maxii_ufm_block1|osc ;
;  port3[2] ; osc|maxii_ufm_block1|osc ; 11.153 ; 11.153 ; Rise       ; osc|maxii_ufm_block1|osc ;
;  port3[3] ; osc|maxii_ufm_block1|osc ; 11.166 ; 11.166 ; Rise       ; osc|maxii_ufm_block1|osc ;
;  port3[4] ; osc|maxii_ufm_block1|osc ; 11.724 ; 11.724 ; Rise       ; osc|maxii_ufm_block1|osc ;
;  port3[5] ; osc|maxii_ufm_block1|osc ; 11.146 ; 11.146 ; Rise       ; osc|maxii_ufm_block1|osc ;
;  port3[6] ; osc|maxii_ufm_block1|osc ; 12.107 ; 12.107 ; Rise       ; osc|maxii_ufm_block1|osc ;
;  port3[7] ; osc|maxii_ufm_block1|osc ; 11.088 ; 11.088 ; Rise       ; osc|maxii_ufm_block1|osc ;
; port4[*]  ; osc|maxii_ufm_block1|osc ; 11.951 ; 11.951 ; Rise       ; osc|maxii_ufm_block1|osc ;
;  port4[0] ; osc|maxii_ufm_block1|osc ; 11.032 ; 11.032 ; Rise       ; osc|maxii_ufm_block1|osc ;
;  port4[1] ; osc|maxii_ufm_block1|osc ; 11.731 ; 11.731 ; Rise       ; osc|maxii_ufm_block1|osc ;
;  port4[2] ; osc|maxii_ufm_block1|osc ; 11.170 ; 11.170 ; Rise       ; osc|maxii_ufm_block1|osc ;
;  port4[3] ; osc|maxii_ufm_block1|osc ; 11.951 ; 11.951 ; Rise       ; osc|maxii_ufm_block1|osc ;
;  port4[4] ; osc|maxii_ufm_block1|osc ; 11.227 ; 11.227 ; Rise       ; osc|maxii_ufm_block1|osc ;
;  port4[5] ; osc|maxii_ufm_block1|osc ; 11.751 ; 11.751 ; Rise       ; osc|maxii_ufm_block1|osc ;
;  port4[6] ; osc|maxii_ufm_block1|osc ; 11.618 ; 11.618 ; Rise       ; osc|maxii_ufm_block1|osc ;
;  port4[7] ; osc|maxii_ufm_block1|osc ; 11.623 ; 11.623 ; Rise       ; osc|maxii_ufm_block1|osc ;
; port5[*]  ; osc|maxii_ufm_block1|osc ; 12.752 ; 12.752 ; Rise       ; osc|maxii_ufm_block1|osc ;
;  port5[0] ; osc|maxii_ufm_block1|osc ; 10.377 ; 10.377 ; Rise       ; osc|maxii_ufm_block1|osc ;
;  port5[1] ; osc|maxii_ufm_block1|osc ; 11.008 ; 11.008 ; Rise       ; osc|maxii_ufm_block1|osc ;
;  port5[2] ; osc|maxii_ufm_block1|osc ; 10.414 ; 10.414 ; Rise       ; osc|maxii_ufm_block1|osc ;
;  port5[3] ; osc|maxii_ufm_block1|osc ; 12.752 ; 12.752 ; Rise       ; osc|maxii_ufm_block1|osc ;
;  port5[4] ; osc|maxii_ufm_block1|osc ; 11.172 ; 11.172 ; Rise       ; osc|maxii_ufm_block1|osc ;
;  port5[5] ; osc|maxii_ufm_block1|osc ; 11.000 ; 11.000 ; Rise       ; osc|maxii_ufm_block1|osc ;
;  port5[6] ; osc|maxii_ufm_block1|osc ; 10.905 ; 10.905 ; Rise       ; osc|maxii_ufm_block1|osc ;
;  port5[7] ; osc|maxii_ufm_block1|osc ; 11.651 ; 11.651 ; Rise       ; osc|maxii_ufm_block1|osc ;
; port6[*]  ; osc|maxii_ufm_block1|osc ; 13.500 ; 13.500 ; Rise       ; osc|maxii_ufm_block1|osc ;
;  port6[0] ; osc|maxii_ufm_block1|osc ; 11.541 ; 11.541 ; Rise       ; osc|maxii_ufm_block1|osc ;
;  port6[1] ; osc|maxii_ufm_block1|osc ; 11.767 ; 11.767 ; Rise       ; osc|maxii_ufm_block1|osc ;
;  port6[2] ; osc|maxii_ufm_block1|osc ; 11.131 ; 11.131 ; Rise       ; osc|maxii_ufm_block1|osc ;
;  port6[3] ; osc|maxii_ufm_block1|osc ; 13.500 ; 13.500 ; Rise       ; osc|maxii_ufm_block1|osc ;
;  port6[4] ; osc|maxii_ufm_block1|osc ; 11.849 ; 11.849 ; Rise       ; osc|maxii_ufm_block1|osc ;
;  port6[5] ; osc|maxii_ufm_block1|osc ; 11.742 ; 11.742 ; Rise       ; osc|maxii_ufm_block1|osc ;
;  port6[6] ; osc|maxii_ufm_block1|osc ; 11.724 ; 11.724 ; Rise       ; osc|maxii_ufm_block1|osc ;
;  port6[7] ; osc|maxii_ufm_block1|osc ; 11.698 ; 11.698 ; Rise       ; osc|maxii_ufm_block1|osc ;
; port7[*]  ; osc|maxii_ufm_block1|osc ; 13.555 ; 13.555 ; Rise       ; osc|maxii_ufm_block1|osc ;
;  port7[0] ; osc|maxii_ufm_block1|osc ; 12.146 ; 12.146 ; Rise       ; osc|maxii_ufm_block1|osc ;
;  port7[1] ; osc|maxii_ufm_block1|osc ; 11.794 ; 11.794 ; Rise       ; osc|maxii_ufm_block1|osc ;
;  port7[2] ; osc|maxii_ufm_block1|osc ; 10.891 ; 10.891 ; Rise       ; osc|maxii_ufm_block1|osc ;
;  port7[3] ; osc|maxii_ufm_block1|osc ; 13.555 ; 13.555 ; Rise       ; osc|maxii_ufm_block1|osc ;
;  port7[4] ; osc|maxii_ufm_block1|osc ; 11.503 ; 11.503 ; Rise       ; osc|maxii_ufm_block1|osc ;
;  port7[5] ; osc|maxii_ufm_block1|osc ; 11.807 ; 11.807 ; Rise       ; osc|maxii_ufm_block1|osc ;
;  port7[6] ; osc|maxii_ufm_block1|osc ; 12.242 ; 12.242 ; Rise       ; osc|maxii_ufm_block1|osc ;
;  port7[7] ; osc|maxii_ufm_block1|osc ; 12.320 ; 12.320 ; Rise       ; osc|maxii_ufm_block1|osc ;
; port8[*]  ; osc|maxii_ufm_block1|osc ; 11.772 ; 11.772 ; Rise       ; osc|maxii_ufm_block1|osc ;
;  port8[0] ; osc|maxii_ufm_block1|osc ; 11.575 ; 11.575 ; Rise       ; osc|maxii_ufm_block1|osc ;
;  port8[1] ; osc|maxii_ufm_block1|osc ; 11.767 ; 11.767 ; Rise       ; osc|maxii_ufm_block1|osc ;
;  port8[2] ; osc|maxii_ufm_block1|osc ; 10.312 ; 10.312 ; Rise       ; osc|maxii_ufm_block1|osc ;
;  port8[3] ; osc|maxii_ufm_block1|osc ; 10.982 ; 10.982 ; Rise       ; osc|maxii_ufm_block1|osc ;
;  port8[4] ; osc|maxii_ufm_block1|osc ; 10.286 ; 10.286 ; Rise       ; osc|maxii_ufm_block1|osc ;
;  port8[5] ; osc|maxii_ufm_block1|osc ; 10.300 ; 10.300 ; Rise       ; osc|maxii_ufm_block1|osc ;
;  port8[6] ; osc|maxii_ufm_block1|osc ; 11.772 ; 11.772 ; Rise       ; osc|maxii_ufm_block1|osc ;
;  port8[7] ; osc|maxii_ufm_block1|osc ; 10.407 ; 10.407 ; Rise       ; osc|maxii_ufm_block1|osc ;
; port9[*]  ; osc|maxii_ufm_block1|osc ; 12.810 ; 12.810 ; Rise       ; osc|maxii_ufm_block1|osc ;
;  port9[0] ; osc|maxii_ufm_block1|osc ; 10.934 ; 10.934 ; Rise       ; osc|maxii_ufm_block1|osc ;
;  port9[1] ; osc|maxii_ufm_block1|osc ; 12.794 ; 12.794 ; Rise       ; osc|maxii_ufm_block1|osc ;
;  port9[2] ; osc|maxii_ufm_block1|osc ; 10.903 ; 10.903 ; Rise       ; osc|maxii_ufm_block1|osc ;
;  port9[3] ; osc|maxii_ufm_block1|osc ; 10.408 ; 10.408 ; Rise       ; osc|maxii_ufm_block1|osc ;
;  port9[4] ; osc|maxii_ufm_block1|osc ; 11.073 ; 11.073 ; Rise       ; osc|maxii_ufm_block1|osc ;
;  port9[5] ; osc|maxii_ufm_block1|osc ; 10.872 ; 10.872 ; Rise       ; osc|maxii_ufm_block1|osc ;
;  port9[6] ; osc|maxii_ufm_block1|osc ; 12.810 ; 12.810 ; Rise       ; osc|maxii_ufm_block1|osc ;
;  port9[7] ; osc|maxii_ufm_block1|osc ; 11.051 ; 11.051 ; Rise       ; osc|maxii_ufm_block1|osc ;
+-----------+--------------------------+--------+--------+------------+--------------------------+


+------------------------------------------------------------------------------------------------+
; Minimum Clock to Output Times                                                                  ;
+-----------+--------------------------+--------+--------+------------+--------------------------+
; Data Port ; Clock Port               ; Rise   ; Fall   ; Clock Edge ; Clock Reference          ;
+-----------+--------------------------+--------+--------+------------+--------------------------+
; port0[*]  ; osc|maxii_ufm_block1|osc ; 10.396 ; 10.396 ; Rise       ; osc|maxii_ufm_block1|osc ;
;  port0[0] ; osc|maxii_ufm_block1|osc ; 10.396 ; 10.396 ; Rise       ; osc|maxii_ufm_block1|osc ;
;  port0[1] ; osc|maxii_ufm_block1|osc ; 12.066 ; 12.066 ; Rise       ; osc|maxii_ufm_block1|osc ;
;  port0[2] ; osc|maxii_ufm_block1|osc ; 10.834 ; 10.834 ; Rise       ; osc|maxii_ufm_block1|osc ;
;  port0[3] ; osc|maxii_ufm_block1|osc ; 11.401 ; 11.401 ; Rise       ; osc|maxii_ufm_block1|osc ;
;  port0[4] ; osc|maxii_ufm_block1|osc ; 10.949 ; 10.949 ; Rise       ; osc|maxii_ufm_block1|osc ;
;  port0[5] ; osc|maxii_ufm_block1|osc ; 11.043 ; 11.043 ; Rise       ; osc|maxii_ufm_block1|osc ;
;  port0[6] ; osc|maxii_ufm_block1|osc ; 10.893 ; 10.893 ; Rise       ; osc|maxii_ufm_block1|osc ;
;  port0[7] ; osc|maxii_ufm_block1|osc ; 11.486 ; 11.486 ; Rise       ; osc|maxii_ufm_block1|osc ;
; port1[*]  ; osc|maxii_ufm_block1|osc ; 10.320 ; 10.320 ; Rise       ; osc|maxii_ufm_block1|osc ;
;  port1[0] ; osc|maxii_ufm_block1|osc ; 10.386 ; 10.386 ; Rise       ; osc|maxii_ufm_block1|osc ;
;  port1[1] ; osc|maxii_ufm_block1|osc ; 10.505 ; 10.505 ; Rise       ; osc|maxii_ufm_block1|osc ;
;  port1[2] ; osc|maxii_ufm_block1|osc ; 10.419 ; 10.419 ; Rise       ; osc|maxii_ufm_block1|osc ;
;  port1[3] ; osc|maxii_ufm_block1|osc ; 10.824 ; 10.824 ; Rise       ; osc|maxii_ufm_block1|osc ;
;  port1[4] ; osc|maxii_ufm_block1|osc ; 10.397 ; 10.397 ; Rise       ; osc|maxii_ufm_block1|osc ;
;  port1[5] ; osc|maxii_ufm_block1|osc ; 10.498 ; 10.498 ; Rise       ; osc|maxii_ufm_block1|osc ;
;  port1[6] ; osc|maxii_ufm_block1|osc ; 10.320 ; 10.320 ; Rise       ; osc|maxii_ufm_block1|osc ;
;  port1[7] ; osc|maxii_ufm_block1|osc ; 10.439 ; 10.439 ; Rise       ; osc|maxii_ufm_block1|osc ;
; port2[*]  ; osc|maxii_ufm_block1|osc ; 9.759  ; 9.759  ; Rise       ; osc|maxii_ufm_block1|osc ;
;  port2[0] ; osc|maxii_ufm_block1|osc ; 10.386 ; 10.386 ; Rise       ; osc|maxii_ufm_block1|osc ;
;  port2[1] ; osc|maxii_ufm_block1|osc ; 11.134 ; 11.134 ; Rise       ; osc|maxii_ufm_block1|osc ;
;  port2[2] ; osc|maxii_ufm_block1|osc ; 9.777  ; 9.777  ; Rise       ; osc|maxii_ufm_block1|osc ;
;  port2[3] ; osc|maxii_ufm_block1|osc ; 9.784  ; 9.784  ; Rise       ; osc|maxii_ufm_block1|osc ;
;  port2[4] ; osc|maxii_ufm_block1|osc ; 10.397 ; 10.397 ; Rise       ; osc|maxii_ufm_block1|osc ;
;  port2[5] ; osc|maxii_ufm_block1|osc ; 9.887  ; 9.887  ; Rise       ; osc|maxii_ufm_block1|osc ;
;  port2[6] ; osc|maxii_ufm_block1|osc ; 9.759  ; 9.759  ; Rise       ; osc|maxii_ufm_block1|osc ;
;  port2[7] ; osc|maxii_ufm_block1|osc ; 9.776  ; 9.776  ; Rise       ; osc|maxii_ufm_block1|osc ;
; port3[*]  ; osc|maxii_ufm_block1|osc ; 11.088 ; 11.088 ; Rise       ; osc|maxii_ufm_block1|osc ;
;  port3[0] ; osc|maxii_ufm_block1|osc ; 11.533 ; 11.533 ; Rise       ; osc|maxii_ufm_block1|osc ;
;  port3[1] ; osc|maxii_ufm_block1|osc ; 11.134 ; 11.134 ; Rise       ; osc|maxii_ufm_block1|osc ;
;  port3[2] ; osc|maxii_ufm_block1|osc ; 11.153 ; 11.153 ; Rise       ; osc|maxii_ufm_block1|osc ;
;  port3[3] ; osc|maxii_ufm_block1|osc ; 11.166 ; 11.166 ; Rise       ; osc|maxii_ufm_block1|osc ;
;  port3[4] ; osc|maxii_ufm_block1|osc ; 11.724 ; 11.724 ; Rise       ; osc|maxii_ufm_block1|osc ;
;  port3[5] ; osc|maxii_ufm_block1|osc ; 11.146 ; 11.146 ; Rise       ; osc|maxii_ufm_block1|osc ;
;  port3[6] ; osc|maxii_ufm_block1|osc ; 12.107 ; 12.107 ; Rise       ; osc|maxii_ufm_block1|osc ;
;  port3[7] ; osc|maxii_ufm_block1|osc ; 11.088 ; 11.088 ; Rise       ; osc|maxii_ufm_block1|osc ;
; port4[*]  ; osc|maxii_ufm_block1|osc ; 11.032 ; 11.032 ; Rise       ; osc|maxii_ufm_block1|osc ;
;  port4[0] ; osc|maxii_ufm_block1|osc ; 11.032 ; 11.032 ; Rise       ; osc|maxii_ufm_block1|osc ;
;  port4[1] ; osc|maxii_ufm_block1|osc ; 11.731 ; 11.731 ; Rise       ; osc|maxii_ufm_block1|osc ;
;  port4[2] ; osc|maxii_ufm_block1|osc ; 11.170 ; 11.170 ; Rise       ; osc|maxii_ufm_block1|osc ;
;  port4[3] ; osc|maxii_ufm_block1|osc ; 11.951 ; 11.951 ; Rise       ; osc|maxii_ufm_block1|osc ;
;  port4[4] ; osc|maxii_ufm_block1|osc ; 11.227 ; 11.227 ; Rise       ; osc|maxii_ufm_block1|osc ;
;  port4[5] ; osc|maxii_ufm_block1|osc ; 11.751 ; 11.751 ; Rise       ; osc|maxii_ufm_block1|osc ;
;  port4[6] ; osc|maxii_ufm_block1|osc ; 11.618 ; 11.618 ; Rise       ; osc|maxii_ufm_block1|osc ;
;  port4[7] ; osc|maxii_ufm_block1|osc ; 11.623 ; 11.623 ; Rise       ; osc|maxii_ufm_block1|osc ;
; port5[*]  ; osc|maxii_ufm_block1|osc ; 10.377 ; 10.377 ; Rise       ; osc|maxii_ufm_block1|osc ;
;  port5[0] ; osc|maxii_ufm_block1|osc ; 10.377 ; 10.377 ; Rise       ; osc|maxii_ufm_block1|osc ;
;  port5[1] ; osc|maxii_ufm_block1|osc ; 11.008 ; 11.008 ; Rise       ; osc|maxii_ufm_block1|osc ;
;  port5[2] ; osc|maxii_ufm_block1|osc ; 10.414 ; 10.414 ; Rise       ; osc|maxii_ufm_block1|osc ;
;  port5[3] ; osc|maxii_ufm_block1|osc ; 12.752 ; 12.752 ; Rise       ; osc|maxii_ufm_block1|osc ;
;  port5[4] ; osc|maxii_ufm_block1|osc ; 11.172 ; 11.172 ; Rise       ; osc|maxii_ufm_block1|osc ;
;  port5[5] ; osc|maxii_ufm_block1|osc ; 11.000 ; 11.000 ; Rise       ; osc|maxii_ufm_block1|osc ;
;  port5[6] ; osc|maxii_ufm_block1|osc ; 10.905 ; 10.905 ; Rise       ; osc|maxii_ufm_block1|osc ;
;  port5[7] ; osc|maxii_ufm_block1|osc ; 11.651 ; 11.651 ; Rise       ; osc|maxii_ufm_block1|osc ;
; port6[*]  ; osc|maxii_ufm_block1|osc ; 11.131 ; 11.131 ; Rise       ; osc|maxii_ufm_block1|osc ;
;  port6[0] ; osc|maxii_ufm_block1|osc ; 11.541 ; 11.541 ; Rise       ; osc|maxii_ufm_block1|osc ;
;  port6[1] ; osc|maxii_ufm_block1|osc ; 11.767 ; 11.767 ; Rise       ; osc|maxii_ufm_block1|osc ;
;  port6[2] ; osc|maxii_ufm_block1|osc ; 11.131 ; 11.131 ; Rise       ; osc|maxii_ufm_block1|osc ;
;  port6[3] ; osc|maxii_ufm_block1|osc ; 13.500 ; 13.500 ; Rise       ; osc|maxii_ufm_block1|osc ;
;  port6[4] ; osc|maxii_ufm_block1|osc ; 11.849 ; 11.849 ; Rise       ; osc|maxii_ufm_block1|osc ;
;  port6[5] ; osc|maxii_ufm_block1|osc ; 11.742 ; 11.742 ; Rise       ; osc|maxii_ufm_block1|osc ;
;  port6[6] ; osc|maxii_ufm_block1|osc ; 11.724 ; 11.724 ; Rise       ; osc|maxii_ufm_block1|osc ;
;  port6[7] ; osc|maxii_ufm_block1|osc ; 11.698 ; 11.698 ; Rise       ; osc|maxii_ufm_block1|osc ;
; port7[*]  ; osc|maxii_ufm_block1|osc ; 10.891 ; 10.891 ; Rise       ; osc|maxii_ufm_block1|osc ;
;  port7[0] ; osc|maxii_ufm_block1|osc ; 12.146 ; 12.146 ; Rise       ; osc|maxii_ufm_block1|osc ;
;  port7[1] ; osc|maxii_ufm_block1|osc ; 11.794 ; 11.794 ; Rise       ; osc|maxii_ufm_block1|osc ;
;  port7[2] ; osc|maxii_ufm_block1|osc ; 10.891 ; 10.891 ; Rise       ; osc|maxii_ufm_block1|osc ;
;  port7[3] ; osc|maxii_ufm_block1|osc ; 13.555 ; 13.555 ; Rise       ; osc|maxii_ufm_block1|osc ;
;  port7[4] ; osc|maxii_ufm_block1|osc ; 11.503 ; 11.503 ; Rise       ; osc|maxii_ufm_block1|osc ;
;  port7[5] ; osc|maxii_ufm_block1|osc ; 11.807 ; 11.807 ; Rise       ; osc|maxii_ufm_block1|osc ;
;  port7[6] ; osc|maxii_ufm_block1|osc ; 12.242 ; 12.242 ; Rise       ; osc|maxii_ufm_block1|osc ;
;  port7[7] ; osc|maxii_ufm_block1|osc ; 12.320 ; 12.320 ; Rise       ; osc|maxii_ufm_block1|osc ;
; port8[*]  ; osc|maxii_ufm_block1|osc ; 10.286 ; 10.286 ; Rise       ; osc|maxii_ufm_block1|osc ;
;  port8[0] ; osc|maxii_ufm_block1|osc ; 11.575 ; 11.575 ; Rise       ; osc|maxii_ufm_block1|osc ;
;  port8[1] ; osc|maxii_ufm_block1|osc ; 11.767 ; 11.767 ; Rise       ; osc|maxii_ufm_block1|osc ;
;  port8[2] ; osc|maxii_ufm_block1|osc ; 10.312 ; 10.312 ; Rise       ; osc|maxii_ufm_block1|osc ;
;  port8[3] ; osc|maxii_ufm_block1|osc ; 10.982 ; 10.982 ; Rise       ; osc|maxii_ufm_block1|osc ;
;  port8[4] ; osc|maxii_ufm_block1|osc ; 10.286 ; 10.286 ; Rise       ; osc|maxii_ufm_block1|osc ;
;  port8[5] ; osc|maxii_ufm_block1|osc ; 10.300 ; 10.300 ; Rise       ; osc|maxii_ufm_block1|osc ;
;  port8[6] ; osc|maxii_ufm_block1|osc ; 11.772 ; 11.772 ; Rise       ; osc|maxii_ufm_block1|osc ;
;  port8[7] ; osc|maxii_ufm_block1|osc ; 10.407 ; 10.407 ; Rise       ; osc|maxii_ufm_block1|osc ;
; port9[*]  ; osc|maxii_ufm_block1|osc ; 10.408 ; 10.408 ; Rise       ; osc|maxii_ufm_block1|osc ;
;  port9[0] ; osc|maxii_ufm_block1|osc ; 10.934 ; 10.934 ; Rise       ; osc|maxii_ufm_block1|osc ;
;  port9[1] ; osc|maxii_ufm_block1|osc ; 12.794 ; 12.794 ; Rise       ; osc|maxii_ufm_block1|osc ;
;  port9[2] ; osc|maxii_ufm_block1|osc ; 10.903 ; 10.903 ; Rise       ; osc|maxii_ufm_block1|osc ;
;  port9[3] ; osc|maxii_ufm_block1|osc ; 10.408 ; 10.408 ; Rise       ; osc|maxii_ufm_block1|osc ;
;  port9[4] ; osc|maxii_ufm_block1|osc ; 11.073 ; 11.073 ; Rise       ; osc|maxii_ufm_block1|osc ;
;  port9[5] ; osc|maxii_ufm_block1|osc ; 10.872 ; 10.872 ; Rise       ; osc|maxii_ufm_block1|osc ;
;  port9[6] ; osc|maxii_ufm_block1|osc ; 12.810 ; 12.810 ; Rise       ; osc|maxii_ufm_block1|osc ;
;  port9[7] ; osc|maxii_ufm_block1|osc ; 11.051 ; 11.051 ; Rise       ; osc|maxii_ufm_block1|osc ;
+-----------+--------------------------+--------+--------+------------+--------------------------+


+-------------------------------------------------------------------------------------------------+
; Setup Transfers                                                                                 ;
+--------------------------+--------------------------+----------+----------+----------+----------+
; From Clock               ; To Clock                 ; RR Paths ; FR Paths ; RF Paths ; FF Paths ;
+--------------------------+--------------------------+----------+----------+----------+----------+
; osc|maxii_ufm_block1|osc ; osc|maxii_ufm_block1|osc ; 60       ; 0        ; 0        ; 0        ;
+--------------------------+--------------------------+----------+----------+----------+----------+
Entries labeled "false path" only account for clock-to-clock false paths and not path-based false paths. As a result, actual path counts may be lower than reported.


+-------------------------------------------------------------------------------------------------+
; Hold Transfers                                                                                  ;
+--------------------------+--------------------------+----------+----------+----------+----------+
; From Clock               ; To Clock                 ; RR Paths ; FR Paths ; RF Paths ; FF Paths ;
+--------------------------+--------------------------+----------+----------+----------+----------+
; osc|maxii_ufm_block1|osc ; osc|maxii_ufm_block1|osc ; 60       ; 0        ; 0        ; 0        ;
+--------------------------+--------------------------+----------+----------+----------+----------+
Entries labeled "false path" only account for clock-to-clock false paths and not path-based false paths. As a result, actual path counts may be lower than reported.


---------------
; Report TCCS ;
---------------
No dedicated SERDES Transmitter circuitry present in device or used in design


---------------
; Report RSKM ;
---------------
No dedicated SERDES Receiver circuitry present in device or used in design


+------------------------------------------------+
; Unconstrained Paths                            ;
+---------------------------------+-------+------+
; Property                        ; Setup ; Hold ;
+---------------------------------+-------+------+
; Illegal Clocks                  ; 0     ; 0    ;
; Unconstrained Clocks            ; 0     ; 0    ;
; Unconstrained Input Ports       ; 0     ; 0    ;
; Unconstrained Input Port Paths  ; 0     ; 0    ;
; Unconstrained Output Ports      ; 80    ; 80   ;
; Unconstrained Output Port Paths ; 80    ; 80   ;
+---------------------------------+-------+------+


+------------------------------------+
; TimeQuest Timing Analyzer Messages ;
+------------------------------------+
Info: *******************************************************************
Info: Running Quartus II 32-bit TimeQuest Timing Analyzer
    Info: Version 12.1 Build 243 01/31/2013 Service Pack 1 SJ Full Version
    Info: Processing started: Sat Jun 15 12:17:00 2013
Info: Command: quartus_sta mse -c mse
Info: qsta_default_script.tcl version: #1
Info (20030): Parallel compilation is enabled and will use 2 of the 2 processors detected
Info (21077): Low junction temperature is 0 degrees C
Info (21077): High junction temperature is 85 degrees C
Info (306004): Started post-fitting delay annotation
Info (306005): Delay annotation completed successfully
Critical Warning (332012): Synopsys Design Constraints File file not found: 'mse.sdc'. A Synopsys Design Constraints File is required by the TimeQuest Timing Analyzer to get proper timing constraints. Without it, the Compiler will not properly optimize the design.
Info (332142): No user constrained generated clocks found in the design. Calling "derive_pll_clocks -create_base_clocks"
Info (332110): Deriving PLL clocks
    Info (332110): create_clock -period 181.818 -name {osc|maxii_ufm_block1|osc} {osc|maxii_ufm_block1|osc}
Info (332142): No user constrained base clocks found in the design. Calling "derive_clocks -period 1.0"
Info (332096): The command derive_clocks did not find any clocks to derive.  No clocks were created or changed.
Info: Found TIMEQUEST_REPORT_SCRIPT_INCLUDE_DEFAULT_ANALYSIS = ON
Info (332146): Worst-case setup slack is 176.226
    Info (332119):     Slack End Point TNS Clock 
    Info (332119): ========= ============= =====================
    Info (332119):   176.226         0.000 osc|maxii_ufm_block1|osc 
Info (332146): Worst-case hold slack is 1.667
    Info (332119):     Slack End Point TNS Clock 
    Info (332119): ========= ============= =====================
    Info (332119):     1.667         0.000 osc|maxii_ufm_block1|osc 
Info (332140): No Recovery paths to report
Info (332140): No Removal paths to report
Info (332146): Worst-case minimum pulse width slack is 90.643
    Info (332119):     Slack End Point TNS Clock 
    Info (332119): ========= ============= =====================
    Info (332119):    90.643         0.000 osc|maxii_ufm_block1|osc 
Info (332001): The selected device family is not supported by the report_metastability command.
Info (332102): Design is not fully constrained for setup requirements
Info (332102): Design is not fully constrained for hold requirements
Info: Quartus II 32-bit TimeQuest Timing Analyzer was successful. 0 errors, 1 warning
    Info: Peak virtual memory: 293 megabytes
    Info: Processing ended: Sat Jun 15 12:17:07 2013
    Info: Elapsed time: 00:00:07
    Info: Total CPU time (on all processors): 00:00:05


