Flow report for mse
Sun Jun 23 20:04:13 2013
Quartus II 32-bit Version 12.1 Build 243 01/31/2013 Service Pack 1 SJ Full Version


---------------------
; Table of Contents ;
---------------------
  1. Legal Notice
  2. Flow Summary
  3. Flow Settings
  4. Flow Non-Default Global Settings
  5. Flow Elapsed Time
  6. Flow OS Summary
  7. Flow Log



----------------
; Legal Notice ;
----------------
Copyright (C) 1991-2012 Altera Corporation
Your use of Altera Corporation's design tools, logic functions 
and other software and tools, and its AMPP partner logic 
functions, and any output files from any of the foregoing 
(including device programming or simulation files), and any 
associated documentation or information are expressly subject 
to the terms and conditions of the Altera Program License 
Subscription Agreement, Altera MegaCore Function License 
Agreement, or other applicable license agreement, including, 
without limitation, that your use is for the sole purpose of 
programming logic devices manufactured by Altera and sold by 
Altera or its authorized distributors.  Please refer to the 
applicable agreement for further details.



+----------------------------------------------------------------------------+
; Flow Summary                                                               ;
+---------------------------+------------------------------------------------+
; Flow Status               ; Successful - Sun Jun 23 20:04:13 2013          ;
; Quartus II 32-bit Version ; 12.1 Build 243 01/31/2013 SP 1 SJ Full Version ;
; Revision Name             ; mse                                            ;
; Top-level Entity Name     ; port_io_interface                              ;
; Family                    ; MAX II                                         ;
; Device                    ; EPM1270T144C5                                  ;
; Timing Models             ; Final                                          ;
; Total logic elements      ; 89 / 1,270 ( 7 % )                             ;
; Total pins                ; 90 / 116 ( 78 % )                              ;
; Total virtual pins        ; 0                                              ;
; UFM blocks                ; 0 / 1 ( 0 % )                                  ;
+---------------------------+------------------------------------------------+


+-----------------------------------------+
; Flow Settings                           ;
+-------------------+---------------------+
; Option            ; Setting             ;
+-------------------+---------------------+
; Start date & time ; 06/23/2013 20:04:01 ;
; Main task         ; Compilation         ;
; Revision Name     ; mse                 ;
+-------------------+---------------------+


+------------------------------------------------------------------------------------------------------------------------+
; Flow Non-Default Global Settings                                                                                       ;
+---------------------------------------+---------------------------------+---------------+-------------+----------------+
; Assignment Name                       ; Value                           ; Default Value ; Entity Name ; Section Id     ;
+---------------------------------------+---------------------------------+---------------+-------------+----------------+
; COMPILER_SIGNATURE_ID                 ; 202960193200860.137198904104440 ; --            ; --          ; --             ;
; EDA_OUTPUT_DATA_FORMAT                ; Verilog Hdl                     ; --            ; --          ; eda_simulation ;
; EDA_SIMULATION_TOOL                   ; ModelSim-Altera (Verilog)       ; <None>        ; --          ; --             ;
; IP_TOOL_NAME                          ; ALTUFM_PARALLEL                 ; --            ; --          ; --             ;
; IP_TOOL_VERSION                       ; 12.1                            ; --            ; --          ; --             ;
; MAX_CORE_JUNCTION_TEMP                ; 85                              ; --            ; --          ; --             ;
; MIN_CORE_JUNCTION_TEMP                ; 0                               ; --            ; --          ; --             ;
; MISC_FILE                             ; flash.bsf                       ; --            ; --          ; --             ;
; MISC_FILE                             ; flash_inst.v                    ; --            ; --          ; --             ;
; MISC_FILE                             ; flash_bb.v                      ; --            ; --          ; --             ;
; MISC_FILE                             ; flash.inc                       ; --            ; --          ; --             ;
; MISC_FILE                             ; flash.cmp                       ; --            ; --          ; --             ;
; POWER_EXT_SUPPLY_VOLTAGE_TO_REGULATOR ; 3.3V                            ; --            ; --          ; --             ;
; PROJECT_OUTPUT_DIRECTORY              ; output_files                    ; --            ; --          ; --             ;
; TOP_LEVEL_ENTITY                      ; port_io_interface               ; mse           ; --          ; --             ;
+---------------------------------------+---------------------------------+---------------+-------------+----------------+


+-------------------------------------------------------------------------------------------------------------------------------+
; Flow Elapsed Time                                                                                                             ;
+---------------------------+--------------+-------------------------+---------------------+------------------------------------+
; Module Name               ; Elapsed Time ; Average Processors Used ; Peak Virtual Memory ; Total CPU Time (on all processors) ;
+---------------------------+--------------+-------------------------+---------------------+------------------------------------+
; Analysis & Synthesis      ; 00:00:02     ; 1.0                     ; 337 MB              ; 00:00:02                           ;
; Fitter                    ; 00:00:02     ; 3.4                     ; 426 MB              ; 00:00:03                           ;
; Assembler                 ; 00:00:01     ; 1.0                     ; 327 MB              ; 00:00:01                           ;
; TimeQuest Timing Analyzer ; 00:00:02     ; 1.0                     ; 321 MB              ; 00:00:01                           ;
; EDA Netlist Writer        ; 00:00:01     ; 1.0                     ; 301 MB              ; 00:00:01                           ;
; Total                     ; 00:00:08     ; --                      ; --                  ; 00:00:08                           ;
+---------------------------+--------------+-------------------------+---------------------+------------------------------------+


+----------------------------------------------------------------------------------------+
; Flow OS Summary                                                                        ;
+---------------------------+------------------+-----------+------------+----------------+
; Module Name               ; Machine Hostname ; OS Name   ; OS Version ; Processor type ;
+---------------------------+------------------+-----------+------------+----------------+
; Analysis & Synthesis      ; li-PC            ; Windows 7 ; 6.1        ; x86_64         ;
; Fitter                    ; li-PC            ; Windows 7 ; 6.1        ; x86_64         ;
; Assembler                 ; li-PC            ; Windows 7 ; 6.1        ; x86_64         ;
; TimeQuest Timing Analyzer ; li-PC            ; Windows 7 ; 6.1        ; x86_64         ;
; EDA Netlist Writer        ; li-PC            ; Windows 7 ; 6.1        ; x86_64         ;
+---------------------------+------------------+-----------+------------+----------------+


------------
; Flow Log ;
------------
quartus_map --read_settings_files=on --write_settings_files=off mse -c mse
quartus_fit --read_settings_files=off --write_settings_files=off mse -c mse
quartus_asm --read_settings_files=off --write_settings_files=off mse -c mse
quartus_sta mse -c mse
quartus_eda --read_settings_files=off --write_settings_files=off mse -c mse



